{"/Users/oliver/OliverRepo/system/dashboard/server.js": {"path":"/Users/oliver/OliverRepo/system/dashboard/server.js","statementMap":{"0":{"start":{"line":7,"column":18},"end":{"line":7,"column":62}},"1":{"start":{"line":8,"column":18},"end":{"line":8,"column":47}},"2":{"start":{"line":10,"column":12},"end":{"line":10,"column":21}},"3":{"start":{"line":11,"column":0},"end":{"line":11,"column":15}},"4":{"start":{"line":12,"column":0},"end":{"line":12,"column":23}},"5":{"start":{"line":14,"column":13},"end":{"line":14,"column":17}},"6":{"start":{"line":18,"column":16},"end":{"line":47,"column":1}},"7":{"start":{"line":51,"column":2},"end":{"line":53,"column":3}},"8":{"start":{"line":52,"column":4},"end":{"line":52,"column":32}},"9":{"start":{"line":54,"column":2},"end":{"line":56,"column":3}},"10":{"start":{"line":55,"column":4},"end":{"line":55,"column":14}},"11":{"start":{"line":57,"column":15},"end":{"line":57,"column":17}},"12":{"start":{"line":58,"column":2},"end":{"line":61,"column":3}},"13":{"start":{"line":59,"column":21},"end":{"line":59,"column":40}},"14":{"start":{"line":60,"column":4},"end":{"line":60,"column":76}},"15":{"start":{"line":62,"column":2},"end":{"line":62,"column":13}},"16":{"start":{"line":67,"column":2},"end":{"line":67,"column":41}},"17":{"start":{"line":67,"column":32},"end":{"line":67,"column":41}},"18":{"start":{"line":69,"column":2},"end":{"line":85,"column":3}},"19":{"start":{"line":70,"column":20},"end":{"line":70,"column":64}},"20":{"start":{"line":71,"column":4},"end":{"line":81,"column":8}},"21":{"start":{"line":72,"column":19},"end":{"line":72,"column":71}},"22":{"start":{"line":74,"column":25},"end":{"line":74,"column":47}},"23":{"start":{"line":75,"column":8},"end":{"line":80,"column":9}},"24":{"start":{"line":83,"column":4},"end":{"line":83,"column":55}},"25":{"start":{"line":84,"column":4},"end":{"line":84,"column":13}},"26":{"start":{"line":90,"column":2},"end":{"line":99,"column":3}},"27":{"start":{"line":91,"column":4},"end":{"line":91,"column":52}},"28":{"start":{"line":91,"column":41},"end":{"line":91,"column":52}},"29":{"start":{"line":92,"column":4},"end":{"line":92,"column":45}},"30":{"start":{"line":92,"column":34},"end":{"line":92,"column":45}},"31":{"start":{"line":93,"column":18},"end":{"line":93,"column":39}},"32":{"start":{"line":94,"column":4},"end":{"line":94,"column":36}},"33":{"start":{"line":94,"column":25},"end":{"line":94,"column":36}},"34":{"start":{"line":95,"column":4},"end":{"line":95,"column":45}},"35":{"start":{"line":97,"column":4},"end":{"line":97,"column":60}},"36":{"start":{"line":98,"column":4},"end":{"line":98,"column":15}},"37":{"start":{"line":103,"column":0},"end":{"line":127,"column":2}},"38":{"start":{"line":104,"column":2},"end":{"line":126,"column":3}},"39":{"start":{"line":105,"column":22},"end":{"line":105,"column":59}},"40":{"start":{"line":106,"column":4},"end":{"line":108,"column":5}},"41":{"start":{"line":107,"column":6},"end":{"line":107,"column":25}},"42":{"start":{"line":110,"column":18},"end":{"line":110,"column":91}},"43":{"start":{"line":110,"column":56},"end":{"line":110,"column":90}},"44":{"start":{"line":112,"column":17},"end":{"line":121,"column":58}},"45":{"start":{"line":113,"column":23},"end":{"line":113,"column":49}},"46":{"start":{"line":114,"column":20},"end":{"line":114,"column":41}},"47":{"start":{"line":116,"column":6},"end":{"line":120,"column":7}},"48":{"start":{"line":121,"column":22},"end":{"line":121,"column":57}},"49":{"start":{"line":123,"column":4},"end":{"line":123,"column":32}},"50":{"start":{"line":125,"column":4},"end":{"line":125,"column":48}},"51":{"start":{"line":130,"column":0},"end":{"line":181,"column":2}},"52":{"start":{"line":131,"column":2},"end":{"line":180,"column":3}},"53":{"start":{"line":132,"column":20},"end":{"line":132,"column":56}},"54":{"start":{"line":133,"column":4},"end":{"line":142,"column":5}},"55":{"start":{"line":134,"column":6},"end":{"line":141,"column":8}},"56":{"start":{"line":144,"column":21},"end":{"line":167,"column":8}},"57":{"start":{"line":146,"column":25},"end":{"line":146,"column":46}},"58":{"start":{"line":147,"column":8},"end":{"line":151,"column":9}},"59":{"start":{"line":148,"column":10},"end":{"line":148,"column":52}},"60":{"start":{"line":150,"column":10},"end":{"line":150,"column":22}},"61":{"start":{"line":154,"column":25},"end":{"line":154,"column":71}},"62":{"start":{"line":155,"column":24},"end":{"line":155,"column":49}},"63":{"start":{"line":157,"column":26},"end":{"line":157,"column":83}},"64":{"start":{"line":158,"column":22},"end":{"line":158,"column":56}},"65":{"start":{"line":160,"column":8},"end":{"line":166,"column":9}},"66":{"start":{"line":169,"column":21},"end":{"line":176,"column":5}},"67":{"start":{"line":177,"column":4},"end":{"line":177,"column":36}},"68":{"start":{"line":179,"column":4},"end":{"line":179,"column":48}},"69":{"start":{"line":184,"column":0},"end":{"line":219,"column":2}},"70":{"start":{"line":185,"column":2},"end":{"line":218,"column":3}},"71":{"start":{"line":186,"column":22},"end":{"line":186,"column":52}},"72":{"start":{"line":187,"column":4},"end":{"line":189,"column":5}},"73":{"start":{"line":188,"column":6},"end":{"line":188,"column":25}},"74":{"start":{"line":191,"column":19},"end":{"line":213,"column":51}},"75":{"start":{"line":193,"column":25},"end":{"line":193,"column":48}},"76":{"start":{"line":194,"column":8},"end":{"line":198,"column":9}},"77":{"start":{"line":195,"column":10},"end":{"line":195,"column":52}},"78":{"start":{"line":197,"column":10},"end":{"line":197,"column":22}},"79":{"start":{"line":201,"column":28},"end":{"line":201,"column":67}},"80":{"start":{"line":202,"column":24},"end":{"line":202,"column":52}},"81":{"start":{"line":204,"column":22},"end":{"line":204,"column":65}},"82":{"start":{"line":205,"column":31},"end":{"line":205,"column":55}},"83":{"start":{"line":206,"column":28},"end":{"line":206,"column":69}},"84":{"start":{"line":207,"column":8},"end":{"line":211,"column":9}},"85":{"start":{"line":213,"column":22},"end":{"line":213,"column":50}},"86":{"start":{"line":215,"column":4},"end":{"line":215,"column":34}},"87":{"start":{"line":217,"column":4},"end":{"line":217,"column":48}},"88":{"start":{"line":222,"column":0},"end":{"line":272,"column":2}},"89":{"start":{"line":223,"column":2},"end":{"line":271,"column":3}},"90":{"start":{"line":225,"column":22},"end":{"line":225,"column":52}},"91":{"start":{"line":226,"column":4},"end":{"line":228,"column":5}},"92":{"start":{"line":227,"column":6},"end":{"line":227,"column":25}},"93":{"start":{"line":230,"column":20},"end":{"line":230,"column":22}},"94":{"start":{"line":233,"column":26},"end":{"line":239,"column":5}},"95":{"start":{"line":242,"column":25},"end":{"line":246,"column":5}},"96":{"start":{"line":249,"column":4},"end":{"line":260,"column":6}},"97":{"start":{"line":250,"column":24},"end":{"line":250,"column":63}},"98":{"start":{"line":251,"column":22},"end":{"line":251,"column":48}},"99":{"start":{"line":252,"column":6},"end":{"line":259,"column":7}},"100":{"start":{"line":253,"column":22},"end":{"line":253,"column":48}},"101":{"start":{"line":254,"column":28},"end":{"line":254,"column":52}},"102":{"start":{"line":255,"column":8},"end":{"line":258,"column":10}},"103":{"start":{"line":263,"column":4},"end":{"line":263,"column":33}},"104":{"start":{"line":266,"column":4},"end":{"line":266,"column":62}},"105":{"start":{"line":266,"column":27},"end":{"line":266,"column":61}},"106":{"start":{"line":268,"column":4},"end":{"line":268,"column":35}},"107":{"start":{"line":270,"column":4},"end":{"line":270,"column":48}},"108":{"start":{"line":275,"column":0},"end":{"line":297,"column":2}},"109":{"start":{"line":276,"column":2},"end":{"line":296,"column":3}},"110":{"start":{"line":277,"column":17},"end":{"line":281,"column":5}},"111":{"start":{"line":283,"column":25},"end":{"line":291,"column":5}},"112":{"start":{"line":287,"column":8},"end":{"line":289,"column":29}},"113":{"start":{"line":288,"column":10},"end":{"line":288,"column":67}},"114":{"start":{"line":289,"column":18},"end":{"line":289,"column":27}},"115":{"start":{"line":293,"column":4},"end":{"line":293,"column":40}},"116":{"start":{"line":295,"column":4},"end":{"line":295,"column":48}},"117":{"start":{"line":300,"column":0},"end":{"line":338,"column":2}},"118":{"start":{"line":301,"column":2},"end":{"line":337,"column":3}},"119":{"start":{"line":302,"column":22},"end":{"line":302,"column":36}},"120":{"start":{"line":303,"column":21},"end":{"line":303,"column":56}},"121":{"start":{"line":304,"column":22},"end":{"line":304,"column":56}},"122":{"start":{"line":306,"column":4},"end":{"line":308,"column":5}},"123":{"start":{"line":307,"column":6},"end":{"line":307,"column":70}},"124":{"start":{"line":310,"column":21},"end":{"line":310,"column":52}},"125":{"start":{"line":312,"column":4},"end":{"line":314,"column":5}},"126":{"start":{"line":313,"column":6},"end":{"line":313,"column":61}},"127":{"start":{"line":316,"column":20},"end":{"line":316,"column":45}},"128":{"start":{"line":317,"column":4},"end":{"line":319,"column":5}},"129":{"start":{"line":318,"column":6},"end":{"line":318,"column":80}},"130":{"start":{"line":322,"column":18},"end":{"line":322,"column":37}},"131":{"start":{"line":323,"column":23},"end":{"line":323,"column":35}},"132":{"start":{"line":324,"column":27},"end":{"line":324,"column":71}},"133":{"start":{"line":325,"column":29},"end":{"line":325,"column":54}},"134":{"start":{"line":327,"column":4},"end":{"line":334,"column":6}},"135":{"start":{"line":336,"column":4},"end":{"line":336,"column":48}},"136":{"start":{"line":341,"column":0},"end":{"line":377,"column":2}},"137":{"start":{"line":342,"column":2},"end":{"line":376,"column":3}},"138":{"start":{"line":343,"column":40},"end":{"line":343,"column":48}},"139":{"start":{"line":345,"column":4},"end":{"line":347,"column":5}},"140":{"start":{"line":346,"column":6},"end":{"line":346,"column":77}},"141":{"start":{"line":349,"column":21},"end":{"line":349,"column":51}},"142":{"start":{"line":351,"column":4},"end":{"line":353,"column":5}},"143":{"start":{"line":352,"column":6},"end":{"line":352,"column":61}},"144":{"start":{"line":356,"column":28},"end":{"line":359,"column":5}},"145":{"start":{"line":361,"column":22},"end":{"line":361,"column":71}},"146":{"start":{"line":361,"column":48},"end":{"line":361,"column":70}},"147":{"start":{"line":362,"column":4},"end":{"line":364,"column":5}},"148":{"start":{"line":363,"column":6},"end":{"line":363,"column":78}},"149":{"start":{"line":367,"column":16},"end":{"line":367,"column":38}},"150":{"start":{"line":368,"column":4},"end":{"line":370,"column":5}},"151":{"start":{"line":369,"column":6},"end":{"line":369,"column":44}},"152":{"start":{"line":372,"column":4},"end":{"line":372,"column":48}},"153":{"start":{"line":373,"column":4},"end":{"line":373,"column":47}},"154":{"start":{"line":375,"column":4},"end":{"line":375,"column":48}},"155":{"start":{"line":380,"column":0},"end":{"line":394,"column":2}},"156":{"start":{"line":381,"column":2},"end":{"line":393,"column":3}},"157":{"start":{"line":382,"column":35},"end":{"line":382,"column":88}},"158":{"start":{"line":383,"column":25},"end":{"line":389,"column":5}},"159":{"start":{"line":390,"column":4},"end":{"line":390,"column":40}},"160":{"start":{"line":392,"column":4},"end":{"line":392,"column":48}},"161":{"start":{"line":397,"column":0},"end":{"line":426,"column":2}},"162":{"start":{"line":398,"column":2},"end":{"line":425,"column":3}},"163":{"start":{"line":399,"column":23},"end":{"line":399,"column":110}},"164":{"start":{"line":400,"column":4},"end":{"line":402,"column":5}},"165":{"start":{"line":401,"column":6},"end":{"line":401,"column":25}},"166":{"start":{"line":404,"column":20},"end":{"line":420,"column":51}},"167":{"start":{"line":406,"column":25},"end":{"line":406,"column":52}},"168":{"start":{"line":407,"column":8},"end":{"line":411,"column":9}},"169":{"start":{"line":408,"column":10},"end":{"line":408,"column":52}},"170":{"start":{"line":410,"column":10},"end":{"line":410,"column":22}},"171":{"start":{"line":413,"column":20},"end":{"line":419,"column":7}},"172":{"start":{"line":420,"column":22},"end":{"line":420,"column":50}},"173":{"start":{"line":422,"column":4},"end":{"line":422,"column":35}},"174":{"start":{"line":424,"column":4},"end":{"line":424,"column":48}},"175":{"start":{"line":429,"column":0},"end":{"line":447,"column":2}},"176":{"start":{"line":430,"column":2},"end":{"line":446,"column":3}},"177":{"start":{"line":431,"column":23},"end":{"line":431,"column":31}},"178":{"start":{"line":432,"column":23},"end":{"line":432,"column":38}},"179":{"start":{"line":434,"column":4},"end":{"line":436,"column":5}},"180":{"start":{"line":435,"column":6},"end":{"line":435,"column":111}},"181":{"start":{"line":438,"column":4},"end":{"line":443,"column":7}},"182":{"start":{"line":445,"column":4},"end":{"line":445,"column":48}},"183":{"start":{"line":450,"column":0},"end":{"line":467,"column":2}},"184":{"start":{"line":451,"column":2},"end":{"line":466,"column":3}},"185":{"start":{"line":452,"column":25},"end":{"line":452,"column":68}},"186":{"start":{"line":453,"column":4},"end":{"line":455,"column":5}},"187":{"start":{"line":454,"column":6},"end":{"line":454,"column":25}},"188":{"start":{"line":458,"column":21},"end":{"line":461,"column":5}},"189":{"start":{"line":463,"column":4},"end":{"line":463,"column":36}},"190":{"start":{"line":465,"column":4},"end":{"line":465,"column":48}},"191":{"start":{"line":470,"column":0},"end":{"line":486,"column":2}},"192":{"start":{"line":471,"column":2},"end":{"line":485,"column":3}},"193":{"start":{"line":472,"column":27},"end":{"line":472,"column":35}},"194":{"start":{"line":474,"column":4},"end":{"line":476,"column":5}},"195":{"start":{"line":475,"column":6},"end":{"line":475,"column":79}},"196":{"start":{"line":478,"column":4},"end":{"line":482,"column":7}},"197":{"start":{"line":484,"column":4},"end":{"line":484,"column":48}},"198":{"start":{"line":489,"column":0},"end":{"line":491,"column":2}},"199":{"start":{"line":490,"column":2},"end":{"line":490,"column":49}},"200":{"start":{"line":493,"column":0},"end":{"line":496,"column":2}},"201":{"start":{"line":494,"column":2},"end":{"line":494,"column":80}},"202":{"start":{"line":495,"column":2},"end":{"line":495,"column":40}}},"fnMap":{"0":{"name":"toToonFormat","decl":{"start":{"line":50,"column":9},"end":{"line":50,"column":21}},"loc":{"start":{"line":50,"column":27},"end":{"line":63,"column":1}},"line":50},"1":{"name":"readDirStructure","decl":{"start":{"line":66,"column":9},"end":{"line":66,"column":25}},"loc":{"start":{"line":66,"column":63},"end":{"line":86,"column":1}},"line":66},"2":{"name":"(anonymous_2)","decl":{"start":{"line":72,"column":14},"end":{"line":72,"column":15}},"loc":{"start":{"line":72,"column":19},"end":{"line":72,"column":71}},"line":72},"3":{"name":"(anonymous_3)","decl":{"start":{"line":73,"column":11},"end":{"line":73,"column":12}},"loc":{"start":{"line":73,"column":16},"end":{"line":81,"column":7}},"line":73},"4":{"name":"readFileContent","decl":{"start":{"line":89,"column":9},"end":{"line":89,"column":24}},"loc":{"start":{"line":89,"column":35},"end":{"line":100,"column":1}},"line":89},"5":{"name":"(anonymous_5)","decl":{"start":{"line":103,"column":19},"end":{"line":103,"column":20}},"loc":{"start":{"line":103,"column":33},"end":{"line":127,"column":1}},"line":103},"6":{"name":"(anonymous_6)","decl":{"start":{"line":110,"column":51},"end":{"line":110,"column":52}},"loc":{"start":{"line":110,"column":56},"end":{"line":110,"column":90}},"line":110},"7":{"name":"(anonymous_7)","decl":{"start":{"line":112,"column":27},"end":{"line":112,"column":28}},"loc":{"start":{"line":112,"column":35},"end":{"line":121,"column":5}},"line":112},"8":{"name":"(anonymous_8)","decl":{"start":{"line":121,"column":12},"end":{"line":121,"column":13}},"loc":{"start":{"line":121,"column":22},"end":{"line":121,"column":57}},"line":121},"9":{"name":"(anonymous_9)","decl":{"start":{"line":130,"column":17},"end":{"line":130,"column":18}},"loc":{"start":{"line":130,"column":31},"end":{"line":181,"column":1}},"line":130},"10":{"name":"(anonymous_10)","decl":{"start":{"line":145,"column":14},"end":{"line":145,"column":15}},"loc":{"start":{"line":145,"column":19},"end":{"line":152,"column":7}},"line":145},"11":{"name":"(anonymous_11)","decl":{"start":{"line":153,"column":11},"end":{"line":153,"column":12}},"loc":{"start":{"line":153,"column":22},"end":{"line":167,"column":7}},"line":153},"12":{"name":"(anonymous_12)","decl":{"start":{"line":184,"column":19},"end":{"line":184,"column":20}},"loc":{"start":{"line":184,"column":33},"end":{"line":219,"column":1}},"line":184},"13":{"name":"(anonymous_13)","decl":{"start":{"line":192,"column":14},"end":{"line":192,"column":15}},"loc":{"start":{"line":192,"column":19},"end":{"line":199,"column":7}},"line":192},"14":{"name":"(anonymous_14)","decl":{"start":{"line":200,"column":11},"end":{"line":200,"column":12}},"loc":{"start":{"line":200,"column":20},"end":{"line":212,"column":7}},"line":200},"15":{"name":"(anonymous_15)","decl":{"start":{"line":213,"column":12},"end":{"line":213,"column":13}},"loc":{"start":{"line":213,"column":22},"end":{"line":213,"column":50}},"line":213},"16":{"name":"(anonymous_16)","decl":{"start":{"line":222,"column":20},"end":{"line":222,"column":21}},"loc":{"start":{"line":222,"column":34},"end":{"line":272,"column":1}},"line":222},"17":{"name":"(anonymous_17)","decl":{"start":{"line":249,"column":42},"end":{"line":249,"column":43}},"loc":{"start":{"line":249,"column":60},"end":{"line":260,"column":5}},"line":249},"18":{"name":"(anonymous_18)","decl":{"start":{"line":266,"column":17},"end":{"line":266,"column":18}},"loc":{"start":{"line":266,"column":27},"end":{"line":266,"column":61}},"line":266},"19":{"name":"(anonymous_19)","decl":{"start":{"line":275,"column":17},"end":{"line":275,"column":18}},"loc":{"start":{"line":275,"column":31},"end":{"line":297,"column":1}},"line":275},"20":{"name":"(anonymous_20)","decl":{"start":{"line":286,"column":29},"end":{"line":286,"column":30}},"loc":{"start":{"line":286,"column":36},"end":{"line":290,"column":7}},"line":286},"21":{"name":"(anonymous_21)","decl":{"start":{"line":300,"column":17},"end":{"line":300,"column":18}},"loc":{"start":{"line":300,"column":31},"end":{"line":338,"column":1}},"line":300},"22":{"name":"(anonymous_22)","decl":{"start":{"line":341,"column":18},"end":{"line":341,"column":19}},"loc":{"start":{"line":341,"column":32},"end":{"line":377,"column":1}},"line":341},"23":{"name":"(anonymous_23)","decl":{"start":{"line":361,"column":43},"end":{"line":361,"column":44}},"loc":{"start":{"line":361,"column":48},"end":{"line":361,"column":70}},"line":361},"24":{"name":"(anonymous_24)","decl":{"start":{"line":380,"column":26},"end":{"line":380,"column":27}},"loc":{"start":{"line":380,"column":40},"end":{"line":394,"column":1}},"line":380},"25":{"name":"(anonymous_25)","decl":{"start":{"line":397,"column":20},"end":{"line":397,"column":21}},"loc":{"start":{"line":397,"column":34},"end":{"line":426,"column":1}},"line":397},"26":{"name":"(anonymous_26)","decl":{"start":{"line":405,"column":14},"end":{"line":405,"column":15}},"loc":{"start":{"line":405,"column":22},"end":{"line":412,"column":7}},"line":405},"27":{"name":"(anonymous_27)","decl":{"start":{"line":413,"column":11},"end":{"line":413,"column":12}},"loc":{"start":{"line":413,"column":20},"end":{"line":419,"column":7}},"line":413},"28":{"name":"(anonymous_28)","decl":{"start":{"line":420,"column":12},"end":{"line":420,"column":13}},"loc":{"start":{"line":420,"column":22},"end":{"line":420,"column":50}},"line":420},"29":{"name":"(anonymous_29)","decl":{"start":{"line":429,"column":27},"end":{"line":429,"column":28}},"loc":{"start":{"line":429,"column":41},"end":{"line":447,"column":1}},"line":429},"30":{"name":"(anonymous_30)","decl":{"start":{"line":450,"column":22},"end":{"line":450,"column":23}},"loc":{"start":{"line":450,"column":36},"end":{"line":467,"column":1}},"line":450},"31":{"name":"(anonymous_31)","decl":{"start":{"line":470,"column":20},"end":{"line":470,"column":21}},"loc":{"start":{"line":470,"column":34},"end":{"line":486,"column":1}},"line":470},"32":{"name":"(anonymous_32)","decl":{"start":{"line":489,"column":19},"end":{"line":489,"column":20}},"loc":{"start":{"line":489,"column":33},"end":{"line":491,"column":1}},"line":489},"33":{"name":"(anonymous_33)","decl":{"start":{"line":493,"column":17},"end":{"line":493,"column":18}},"loc":{"start":{"line":493,"column":23},"end":{"line":496,"column":1}},"line":493}},"branchMap":{"0":{"loc":{"start":{"line":51,"column":2},"end":{"line":53,"column":3}},"type":"if","locations":[{"start":{"line":51,"column":2},"end":{"line":53,"column":3}},{"start":{},"end":{}}],"line":51},"1":{"loc":{"start":{"line":54,"column":2},"end":{"line":56,"column":3}},"type":"if","locations":[{"start":{"line":54,"column":2},"end":{"line":56,"column":3}},{"start":{},"end":{}}],"line":54},"2":{"loc":{"start":{"line":54,"column":6},"end":{"line":54,"column":45}},"type":"binary-expr","locations":[{"start":{"line":54,"column":6},"end":{"line":54,"column":18}},{"start":{"line":54,"column":22},"end":{"line":54,"column":45}}],"line":54},"3":{"loc":{"start":{"line":59,"column":21},"end":{"line":59,"column":40}},"type":"binary-expr","locations":[{"start":{"line":59,"column":21},"end":{"line":59,"column":33}},{"start":{"line":59,"column":37},"end":{"line":59,"column":40}}],"line":59},"4":{"loc":{"start":{"line":60,"column":21},"end":{"line":60,"column":76}},"type":"cond-expr","locations":[{"start":{"line":60,"column":49},"end":{"line":60,"column":68}},{"start":{"line":60,"column":71},"end":{"line":60,"column":76}}],"line":60},"5":{"loc":{"start":{"line":66,"column":31},"end":{"line":66,"column":43}},"type":"default-arg","locations":[{"start":{"line":66,"column":42},"end":{"line":66,"column":43}}],"line":66},"6":{"loc":{"start":{"line":66,"column":45},"end":{"line":66,"column":61}},"type":"default-arg","locations":[{"start":{"line":66,"column":60},"end":{"line":66,"column":61}}],"line":66},"7":{"loc":{"start":{"line":67,"column":2},"end":{"line":67,"column":41}},"type":"if","locations":[{"start":{"line":67,"column":2},"end":{"line":67,"column":41}},{"start":{},"end":{}}],"line":67},"8":{"loc":{"start":{"line":72,"column":19},"end":{"line":72,"column":71}},"type":"binary-expr","locations":[{"start":{"line":72,"column":19},"end":{"line":72,"column":42}},{"start":{"line":72,"column":46},"end":{"line":72,"column":71}}],"line":72},"9":{"loc":{"start":{"line":79,"column":20},"end":{"line":79,"column":97}},"type":"cond-expr","locations":[{"start":{"line":79,"column":38},"end":{"line":79,"column":92}},{"start":{"line":79,"column":95},"end":{"line":79,"column":97}}],"line":79},"10":{"loc":{"start":{"line":91,"column":4},"end":{"line":91,"column":52}},"type":"if","locations":[{"start":{"line":91,"column":4},"end":{"line":91,"column":52}},{"start":{},"end":{}}],"line":91},"11":{"loc":{"start":{"line":92,"column":4},"end":{"line":92,"column":45}},"type":"if","locations":[{"start":{"line":92,"column":4},"end":{"line":92,"column":45}},{"start":{},"end":{}}],"line":92},"12":{"loc":{"start":{"line":94,"column":4},"end":{"line":94,"column":36}},"type":"if","locations":[{"start":{"line":94,"column":4},"end":{"line":94,"column":36}},{"start":{},"end":{}}],"line":94},"13":{"loc":{"start":{"line":106,"column":4},"end":{"line":108,"column":5}},"type":"if","locations":[{"start":{"line":106,"column":4},"end":{"line":108,"column":5}},{"start":{},"end":{}}],"line":106},"14":{"loc":{"start":{"line":133,"column":4},"end":{"line":142,"column":5}},"type":"if","locations":[{"start":{"line":133,"column":4},"end":{"line":142,"column":5}},{"start":{},"end":{}}],"line":133},"15":{"loc":{"start":{"line":157,"column":26},"end":{"line":157,"column":83}},"type":"cond-expr","locations":[{"start":{"line":157,"column":36},"end":{"line":157,"column":76}},{"start":{"line":157,"column":79},"end":{"line":157,"column":83}}],"line":157},"16":{"loc":{"start":{"line":158,"column":22},"end":{"line":158,"column":56}},"type":"cond-expr","locations":[{"start":{"line":158,"column":34},"end":{"line":158,"column":46}},{"start":{"line":158,"column":49},"end":{"line":158,"column":56}}],"line":158},"17":{"loc":{"start":{"line":187,"column":4},"end":{"line":189,"column":5}},"type":"if","locations":[{"start":{"line":187,"column":4},"end":{"line":189,"column":5}},{"start":{},"end":{}}],"line":187},"18":{"loc":{"start":{"line":204,"column":22},"end":{"line":204,"column":65}},"type":"cond-expr","locations":[{"start":{"line":204,"column":32},"end":{"line":204,"column":58}},{"start":{"line":204,"column":61},"end":{"line":204,"column":65}}],"line":204},"19":{"loc":{"start":{"line":205,"column":31},"end":{"line":205,"column":55}},"type":"cond-expr","locations":[{"start":{"line":205,"column":39},"end":{"line":205,"column":47}},{"start":{"line":205,"column":50},"end":{"line":205,"column":55}}],"line":205},"20":{"loc":{"start":{"line":226,"column":4},"end":{"line":228,"column":5}},"type":"if","locations":[{"start":{"line":226,"column":4},"end":{"line":228,"column":5}},{"start":{},"end":{}}],"line":226},"21":{"loc":{"start":{"line":252,"column":6},"end":{"line":259,"column":7}},"type":"if","locations":[{"start":{"line":252,"column":6},"end":{"line":259,"column":7}},{"start":{},"end":{}}],"line":252},"22":{"loc":{"start":{"line":254,"column":28},"end":{"line":254,"column":52}},"type":"cond-expr","locations":[{"start":{"line":254,"column":36},"end":{"line":254,"column":44}},{"start":{"line":254,"column":47},"end":{"line":254,"column":52}}],"line":254},"23":{"loc":{"start":{"line":288,"column":17},"end":{"line":288,"column":67}},"type":"cond-expr","locations":[{"start":{"line":288,"column":38},"end":{"line":288,"column":62}},{"start":{"line":288,"column":65},"end":{"line":288,"column":67}}],"line":288},"24":{"loc":{"start":{"line":303,"column":21},"end":{"line":303,"column":56}},"type":"binary-expr","locations":[{"start":{"line":303,"column":21},"end":{"line":303,"column":49}},{"start":{"line":303,"column":53},"end":{"line":303,"column":56}}],"line":303},"25":{"loc":{"start":{"line":304,"column":22},"end":{"line":304,"column":56}},"type":"binary-expr","locations":[{"start":{"line":304,"column":22},"end":{"line":304,"column":51}},{"start":{"line":304,"column":55},"end":{"line":304,"column":56}}],"line":304},"26":{"loc":{"start":{"line":306,"column":4},"end":{"line":308,"column":5}},"type":"if","locations":[{"start":{"line":306,"column":4},"end":{"line":308,"column":5}},{"start":{},"end":{}}],"line":306},"27":{"loc":{"start":{"line":312,"column":4},"end":{"line":314,"column":5}},"type":"if","locations":[{"start":{"line":312,"column":4},"end":{"line":314,"column":5}},{"start":{},"end":{}}],"line":312},"28":{"loc":{"start":{"line":317,"column":4},"end":{"line":319,"column":5}},"type":"if","locations":[{"start":{"line":317,"column":4},"end":{"line":319,"column":5}},{"start":{},"end":{}}],"line":317},"29":{"loc":{"start":{"line":345,"column":4},"end":{"line":347,"column":5}},"type":"if","locations":[{"start":{"line":345,"column":4},"end":{"line":347,"column":5}},{"start":{},"end":{}}],"line":345},"30":{"loc":{"start":{"line":345,"column":8},"end":{"line":345,"column":48}},"type":"binary-expr","locations":[{"start":{"line":345,"column":8},"end":{"line":345,"column":17}},{"start":{"line":345,"column":21},"end":{"line":345,"column":48}}],"line":345},"31":{"loc":{"start":{"line":351,"column":4},"end":{"line":353,"column":5}},"type":"if","locations":[{"start":{"line":351,"column":4},"end":{"line":353,"column":5}},{"start":{},"end":{}}],"line":351},"32":{"loc":{"start":{"line":362,"column":4},"end":{"line":364,"column":5}},"type":"if","locations":[{"start":{"line":362,"column":4},"end":{"line":364,"column":5}},{"start":{},"end":{}}],"line":362},"33":{"loc":{"start":{"line":368,"column":4},"end":{"line":370,"column":5}},"type":"if","locations":[{"start":{"line":368,"column":4},"end":{"line":370,"column":5}},{"start":{},"end":{}}],"line":368},"34":{"loc":{"start":{"line":386,"column":20},"end":{"line":386,"column":104}},"type":"cond-expr","locations":[{"start":{"line":386,"column":60},"end":{"line":386,"column":99}},{"start":{"line":386,"column":102},"end":{"line":386,"column":104}}],"line":386},"35":{"loc":{"start":{"line":399,"column":33},"end":{"line":399,"column":60}},"type":"binary-expr","locations":[{"start":{"line":399,"column":33},"end":{"line":399,"column":49}},{"start":{"line":399,"column":53},"end":{"line":399,"column":60}}],"line":399},"36":{"loc":{"start":{"line":400,"column":4},"end":{"line":402,"column":5}},"type":"if","locations":[{"start":{"line":400,"column":4},"end":{"line":402,"column":5}},{"start":{},"end":{}}],"line":400},"37":{"loc":{"start":{"line":434,"column":4},"end":{"line":436,"column":5}},"type":"if","locations":[{"start":{"line":434,"column":4},"end":{"line":436,"column":5}},{"start":{},"end":{}}],"line":434},"38":{"loc":{"start":{"line":442,"column":22},"end":{"line":442,"column":80}},"type":"cond-expr","locations":[{"start":{"line":442,"column":68},"end":{"line":442,"column":73}},{"start":{"line":442,"column":76},"end":{"line":442,"column":80}}],"line":442},"39":{"loc":{"start":{"line":442,"column":22},"end":{"line":442,"column":65}},"type":"binary-expr","locations":[{"start":{"line":442,"column":22},"end":{"line":442,"column":41}},{"start":{"line":442,"column":45},"end":{"line":442,"column":65}}],"line":442},"40":{"loc":{"start":{"line":442,"column":86},"end":{"line":442,"column":129}},"type":"binary-expr","locations":[{"start":{"line":442,"column":86},"end":{"line":442,"column":105}},{"start":{"line":442,"column":109},"end":{"line":442,"column":129}}],"line":442},"41":{"loc":{"start":{"line":453,"column":4},"end":{"line":455,"column":5}},"type":"if","locations":[{"start":{"line":453,"column":4},"end":{"line":455,"column":5}},{"start":{},"end":{}}],"line":453},"42":{"loc":{"start":{"line":474,"column":4},"end":{"line":476,"column":5}},"type":"if","locations":[{"start":{"line":474,"column":4},"end":{"line":476,"column":5}},{"start":{},"end":{}}],"line":474},"43":{"loc":{"start":{"line":474,"column":8},"end":{"line":474,"column":35}},"type":"binary-expr","locations":[{"start":{"line":474,"column":8},"end":{"line":474,"column":12}},{"start":{"line":474,"column":16},"end":{"line":474,"column":35}}],"line":474}},"s":{"0":0,"1":0,"2":0,"3":0,"4":0,"5":0,"6":0,"7":0,"8":0,"9":0,"10":0,"11":0,"12":0,"13":0,"14":0,"15":0,"16":0,"17":0,"18":0,"19":0,"20":0,"21":0,"22":0,"23":0,"24":0,"25":0,"26":0,"27":0,"28":0,"29":0,"30":0,"31":0,"32":0,"33":0,"34":0,"35":0,"36":0,"37":0,"38":0,"39":0,"40":0,"41":0,"42":0,"43":0,"44":0,"45":0,"46":0,"47":0,"48":0,"49":0,"50":0,"51":0,"52":0,"53":0,"54":0,"55":0,"56":0,"57":0,"58":0,"59":0,"60":0,"61":0,"62":0,"63":0,"64":0,"65":0,"66":0,"67":0,"68":0,"69":0,"70":0,"71":0,"72":0,"73":0,"74":0,"75":0,"76":0,"77":0,"78":0,"79":0,"80":0,"81":0,"82":0,"83":0,"84":0,"85":0,"86":0,"87":0,"88":0,"89":0,"90":0,"91":0,"92":0,"93":0,"94":0,"95":0,"96":0,"97":0,"98":0,"99":0,"100":0,"101":0,"102":0,"103":0,"104":0,"105":0,"106":0,"107":0,"108":0,"109":0,"110":0,"111":0,"112":0,"113":0,"114":0,"115":0,"116":0,"117":0,"118":0,"119":0,"120":0,"121":0,"122":0,"123":0,"124":0,"125":0,"126":0,"127":0,"128":0,"129":0,"130":0,"131":0,"132":0,"133":0,"134":0,"135":0,"136":0,"137":0,"138":0,"139":0,"140":0,"141":0,"142":0,"143":0,"144":0,"145":0,"146":0,"147":0,"148":0,"149":0,"150":0,"151":0,"152":0,"153":0,"154":0,"155":0,"156":0,"157":0,"158":0,"159":0,"160":0,"161":0,"162":0,"163":0,"164":0,"165":0,"166":0,"167":0,"168":0,"169":0,"170":0,"171":0,"172":0,"173":0,"174":0,"175":0,"176":0,"177":0,"178":0,"179":0,"180":0,"181":0,"182":0,"183":0,"184":0,"185":0,"186":0,"187":0,"188":0,"189":0,"190":0,"191":0,"192":0,"193":0,"194":0,"195":0,"196":0,"197":0,"198":0,"199":0,"200":0,"201":0,"202":0},"f":{"0":0,"1":0,"2":0,"3":0,"4":0,"5":0,"6":0,"7":0,"8":0,"9":0,"10":0,"11":0,"12":0,"13":0,"14":0,"15":0,"16":0,"17":0,"18":0,"19":0,"20":0,"21":0,"22":0,"23":0,"24":0,"25":0,"26":0,"27":0,"28":0,"29":0,"30":0,"31":0,"32":0,"33":0},"b":{"0":[0,0],"1":[0,0],"2":[0,0],"3":[0,0],"4":[0,0],"5":[0],"6":[0],"7":[0,0],"8":[0,0],"9":[0,0],"10":[0,0],"11":[0,0],"12":[0,0],"13":[0,0],"14":[0,0],"15":[0,0],"16":[0,0],"17":[0,0],"18":[0,0],"19":[0,0],"20":[0,0],"21":[0,0],"22":[0,0],"23":[0,0],"24":[0,0],"25":[0,0],"26":[0,0],"27":[0,0],"28":[0,0],"29":[0,0],"30":[0,0],"31":[0,0],"32":[0,0],"33":[0,0],"34":[0,0],"35":[0,0],"36":[0,0],"37":[0,0],"38":[0,0],"39":[0,0],"40":[0,0],"41":[0,0],"42":[0,0],"43":[0,0]}}
,"/Users/oliver/OliverRepo/system/dashboard/src/App.jsx": {"path":"/Users/oliver/OliverRepo/system/dashboard/src/App.jsx","statementMap":{"0":{"start":{"line":10,"column":26},"end":{"line":15,"column":4}},"1":{"start":{"line":16,"column":32},"end":{"line":16,"column":46}},"2":{"start":{"line":17,"column":28},"end":{"line":17,"column":42}},"3":{"start":{"line":19,"column":20},"end":{"line":50,"column":3}},"4":{"start":{"line":20,"column":4},"end":{"line":20,"column":20}},"5":{"start":{"line":21,"column":4},"end":{"line":21,"column":18}},"6":{"start":{"line":22,"column":4},"end":{"line":49,"column":5}},"7":{"start":{"line":23,"column":37},"end":{"line":36,"column":8}},"8":{"start":{"line":25,"column":10},"end":{"line":25,"column":71}},"9":{"start":{"line":25,"column":21},"end":{"line":25,"column":71}},"10":{"start":{"line":26,"column":10},"end":{"line":26,"column":25}},"11":{"start":{"line":29,"column":10},"end":{"line":29,"column":69}},"12":{"start":{"line":29,"column":21},"end":{"line":29,"column":69}},"13":{"start":{"line":30,"column":10},"end":{"line":30,"column":25}},"14":{"start":{"line":33,"column":10},"end":{"line":33,"column":71}},"15":{"start":{"line":33,"column":21},"end":{"line":33,"column":71}},"16":{"start":{"line":34,"column":10},"end":{"line":34,"column":25}},"17":{"start":{"line":38,"column":6},"end":{"line":43,"column":8}},"18":{"start":{"line":45,"column":6},"end":{"line":45,"column":48}},"19":{"start":{"line":46,"column":6},"end":{"line":46,"column":62}},"20":{"start":{"line":48,"column":6},"end":{"line":48,"column":23}},"21":{"start":{"line":52,"column":2},"end":{"line":54,"column":8}},"22":{"start":{"line":53,"column":4},"end":{"line":53,"column":15}},"23":{"start":{"line":56,"column":2},"end":{"line":95,"column":3}}},"fnMap":{"0":{"name":"App","decl":{"start":{"line":9,"column":9},"end":{"line":9,"column":12}},"loc":{"start":{"line":9,"column":15},"end":{"line":96,"column":1}},"line":9},"1":{"name":"(anonymous_1)","decl":{"start":{"line":19,"column":20},"end":{"line":19,"column":21}},"loc":{"start":{"line":19,"column":32},"end":{"line":50,"column":3}},"line":19},"2":{"name":"(anonymous_2)","decl":{"start":{"line":24,"column":34},"end":{"line":24,"column":35}},"loc":{"start":{"line":24,"column":45},"end":{"line":27,"column":9}},"line":24},"3":{"name":"(anonymous_3)","decl":{"start":{"line":28,"column":32},"end":{"line":28,"column":33}},"loc":{"start":{"line":28,"column":43},"end":{"line":31,"column":9}},"line":28},"4":{"name":"(anonymous_4)","decl":{"start":{"line":32,"column":34},"end":{"line":32,"column":35}},"loc":{"start":{"line":32,"column":45},"end":{"line":35,"column":9}},"line":32},"5":{"name":"(anonymous_5)","decl":{"start":{"line":52,"column":12},"end":{"line":52,"column":13}},"loc":{"start":{"line":52,"column":18},"end":{"line":54,"column":3}},"line":52}},"branchMap":{"0":{"loc":{"start":{"line":25,"column":10},"end":{"line":25,"column":71}},"type":"if","locations":[{"start":{"line":25,"column":10},"end":{"line":25,"column":71}},{"start":{},"end":{}}],"line":25},"1":{"loc":{"start":{"line":29,"column":10},"end":{"line":29,"column":69}},"type":"if","locations":[{"start":{"line":29,"column":10},"end":{"line":29,"column":69}},{"start":{},"end":{}}],"line":29},"2":{"loc":{"start":{"line":33,"column":10},"end":{"line":33,"column":71}},"type":"if","locations":[{"start":{"line":33,"column":10},"end":{"line":33,"column":71}},{"start":{},"end":{}}],"line":33},"3":{"loc":{"start":{"line":46,"column":15},"end":{"line":46,"column":61}},"type":"binary-expr","locations":[{"start":{"line":46,"column":15},"end":{"line":46,"column":26}},{"start":{"line":46,"column":30},"end":{"line":46,"column":61}}],"line":46},"4":{"loc":{"start":{"line":66,"column":9},"end":{"line":77,"column":9}},"type":"binary-expr","locations":[{"start":{"line":66,"column":9},"end":{"line":66,"column":14}},{"start":{"line":67,"column":10},"end":{"line":76,"column":16}}],"line":66},"5":{"loc":{"start":{"line":79,"column":9},"end":{"line":92,"column":9}},"type":"cond-expr","locations":[{"start":{"line":80,"column":10},"end":{"line":83,"column":16}},{"start":{"line":85,"column":10},"end":{"line":91,"column":16}}],"line":79},"6":{"loc":{"start":{"line":86,"column":13},"end":{"line":86,"column":55}},"type":"binary-expr","locations":[{"start":{"line":86,"column":13},"end":{"line":86,"column":22}},{"start":{"line":86,"column":26},"end":{"line":86,"column":55}}],"line":86}},"s":{"0":0,"1":0,"2":0,"3":0,"4":0,"5":0,"6":0,"7":0,"8":0,"9":0,"10":0,"11":0,"12":0,"13":0,"14":0,"15":0,"16":0,"17":0,"18":0,"19":0,"20":0,"21":0,"22":0,"23":0},"f":{"0":0,"1":0,"2":0,"3":0,"4":0,"5":0},"b":{"0":[0,0],"1":[0,0],"2":[0,0],"3":[0,0],"4":[0,0],"5":[0,0],"6":[0,0]}}
,"/Users/oliver/OliverRepo/system/dashboard/src/components/AliasPanel.jsx": {"path":"/Users/oliver/OliverRepo/system/dashboard/src/components/AliasPanel.jsx","statementMap":{"0":{"start":{"line":7,"column":30},"end":{"line":7,"column":42}},"1":{"start":{"line":8,"column":44},"end":{"line":8,"column":72}},"2":{"start":{"line":10,"column":19},"end":{"line":10,"column":81}},"3":{"start":{"line":12,"column":2},"end":{"line":51,"column":3}},"4":{"start":{"line":33,"column":16},"end":{"line":36,"column":22}}},"fnMap":{"0":{"name":"AliasPanel","decl":{"start":{"line":6,"column":24},"end":{"line":6,"column":34}},"loc":{"start":{"line":6,"column":37},"end":{"line":52,"column":1}},"line":6},"1":{"name":"(anonymous_1)","decl":{"start":{"line":32,"column":27},"end":{"line":32,"column":28}},"loc":{"start":{"line":33,"column":16},"end":{"line":36,"column":22}},"line":33}},"branchMap":{"0":{"loc":{"start":{"line":10,"column":31},"end":{"line":10,"column":44}},"type":"binary-expr","locations":[{"start":{"line":10,"column":31},"end":{"line":10,"column":38}},{"start":{"line":10,"column":42},"end":{"line":10,"column":44}}],"line":10},"1":{"loc":{"start":{"line":17,"column":7},"end":{"line":45,"column":7}},"type":"cond-expr","locations":[{"start":{"line":18,"column":8},"end":{"line":18,"column":78}},{"start":{"line":20,"column":8},"end":{"line":44,"column":11}}],"line":17},"2":{"loc":{"start":{"line":29,"column":13},"end":{"line":42,"column":13}},"type":"cond-expr","locations":[{"start":{"line":30,"column":14},"end":{"line":30,"column":64}},{"start":{"line":31,"column":16},"end":{"line":42,"column":13}}],"line":29},"3":{"loc":{"start":{"line":31,"column":16},"end":{"line":42,"column":13}},"type":"cond-expr","locations":[{"start":{"line":32,"column":14},"end":{"line":37,"column":16}},{"start":{"line":38,"column":16},"end":{"line":42,"column":13}}],"line":31},"4":{"loc":{"start":{"line":38,"column":16},"end":{"line":42,"column":13}},"type":"cond-expr","locations":[{"start":{"line":39,"column":14},"end":{"line":39,"column":64}},{"start":{"line":41,"column":14},"end":{"line":41,"column":71}}],"line":38}},"s":{"0":0,"1":0,"2":0,"3":0,"4":0},"f":{"0":0,"1":0},"b":{"0":[0,0],"1":[0,0],"2":[0,0],"3":[0,0],"4":[0,0]}}
,"/Users/oliver/OliverRepo/system/dashboard/src/components/DocsBrowser.jsx": {"path":"/Users/oliver/OliverRepo/system/dashboard/src/components/DocsBrowser.jsx","statementMap":{"0":{"start":{"line":10,"column":41},"end":{"line":10,"column":66}},"1":{"start":{"line":11,"column":40},"end":{"line":11,"column":80}},"2":{"start":{"line":12,"column":42},"end":{"line":12,"column":56}},"3":{"start":{"line":13,"column":40},"end":{"line":13,"column":54}},"4":{"start":{"line":14,"column":30},"end":{"line":14,"column":42}},"5":{"start":{"line":16,"column":20},"end":{"line":27,"column":3}},"6":{"start":{"line":17,"column":4},"end":{"line":26,"column":5}},"7":{"start":{"line":18,"column":18},"end":{"line":18,"column":79}},"8":{"start":{"line":19,"column":6},"end":{"line":19,"column":57}},"9":{"start":{"line":19,"column":19},"end":{"line":19,"column":57}},"10":{"start":{"line":20,"column":19},"end":{"line":20,"column":35}},"11":{"start":{"line":21,"column":6},"end":{"line":21,"column":34}},"12":{"start":{"line":22,"column":6},"end":{"line":22,"column":31}},"13":{"start":{"line":24,"column":6},"end":{"line":24,"column":47}},"14":{"start":{"line":25,"column":6},"end":{"line":25,"column":26}},"15":{"start":{"line":29,"column":19},"end":{"line":75,"column":3}},"16":{"start":{"line":30,"column":19},"end":{"line":30,"column":66}},"17":{"start":{"line":31,"column":23},"end":{"line":31,"column":48}},"18":{"start":{"line":32,"column":18},"end":{"line":32,"column":75}},"19":{"start":{"line":34,"column":4},"end":{"line":74,"column":5}},"20":{"start":{"line":40,"column":29},"end":{"line":40,"column":47}},"21":{"start":{"line":57,"column":29},"end":{"line":57,"column":49}},"22":{"start":{"line":69,"column":14},"end":{"line":69,"column":102}},"23":{"start":{"line":77,"column":2},"end":{"line":136,"column":3}},"24":{"start":{"line":103,"column":20},"end":{"line":103,"column":41}},"25":{"start":{"line":104,"column":20},"end":{"line":104,"column":40}}},"fnMap":{"0":{"name":"DocsBrowser","decl":{"start":{"line":9,"column":24},"end":{"line":9,"column":35}},"loc":{"start":{"line":9,"column":38},"end":{"line":137,"column":1}},"line":9},"1":{"name":"(anonymous_1)","decl":{"start":{"line":16,"column":20},"end":{"line":16,"column":21}},"loc":{"start":{"line":16,"column":40},"end":{"line":27,"column":3}},"line":16},"2":{"name":"(anonymous_2)","decl":{"start":{"line":29,"column":19},"end":{"line":29,"column":20}},"loc":{"start":{"line":29,"column":50},"end":{"line":75,"column":3}},"line":29},"3":{"name":"(anonymous_3)","decl":{"start":{"line":40,"column":23},"end":{"line":40,"column":24}},"loc":{"start":{"line":40,"column":29},"end":{"line":40,"column":47}},"line":40},"4":{"name":"(anonymous_4)","decl":{"start":{"line":57,"column":23},"end":{"line":57,"column":24}},"loc":{"start":{"line":57,"column":29},"end":{"line":57,"column":49}},"line":57},"5":{"name":"(anonymous_5)","decl":{"start":{"line":68,"column":31},"end":{"line":68,"column":32}},"loc":{"start":{"line":69,"column":14},"end":{"line":69,"column":102}},"line":69},"6":{"name":"(anonymous_6)","decl":{"start":{"line":102,"column":27},"end":{"line":102,"column":28}},"loc":{"start":{"line":102,"column":33},"end":{"line":105,"column":19}},"line":102}},"branchMap":{"0":{"loc":{"start":{"line":19,"column":6},"end":{"line":19,"column":57}},"type":"if","locations":[{"start":{"line":19,"column":6},"end":{"line":19,"column":57}},{"start":{},"end":{}}],"line":19},"1":{"loc":{"start":{"line":29,"column":28},"end":{"line":29,"column":43}},"type":"default-arg","locations":[{"start":{"line":29,"column":41},"end":{"line":29,"column":43}}],"line":29},"2":{"loc":{"start":{"line":32,"column":18},"end":{"line":32,"column":75}},"type":"binary-expr","locations":[{"start":{"line":32,"column":18},"end":{"line":32,"column":28}},{"start":{"line":32,"column":33},"end":{"line":32,"column":46}},{"start":{"line":32,"column":50},"end":{"line":32,"column":74}}],"line":32},"3":{"loc":{"start":{"line":37,"column":11},"end":{"line":45,"column":11}},"type":"binary-expr","locations":[{"start":{"line":37,"column":11},"end":{"line":37,"column":16}},{"start":{"line":38,"column":12},"end":{"line":44,"column":21}}],"line":37},"4":{"loc":{"start":{"line":39,"column":43},"end":{"line":39,"column":71}},"type":"cond-expr","locations":[{"start":{"line":39,"column":56},"end":{"line":39,"column":66}},{"start":{"line":39,"column":69},"end":{"line":39,"column":71}}],"line":39},"5":{"loc":{"start":{"line":46,"column":11},"end":{"line":46,"column":69}},"type":"binary-expr","locations":[{"start":{"line":46,"column":11},"end":{"line":46,"column":17}},{"start":{"line":46,"column":21},"end":{"line":46,"column":69}}],"line":46},"6":{"loc":{"start":{"line":48,"column":11},"end":{"line":52,"column":11}},"type":"cond-expr","locations":[{"start":{"line":49,"column":12},"end":{"line":49,"column":59}},{"start":{"line":51,"column":12},"end":{"line":51,"column":55}}],"line":48},"7":{"loc":{"start":{"line":54,"column":11},"end":{"line":63,"column":11}},"type":"cond-expr","locations":[{"start":{"line":55,"column":12},"end":{"line":60,"column":21}},{"start":{"line":62,"column":12},"end":{"line":62,"column":64}}],"line":54},"8":{"loc":{"start":{"line":56,"column":41},"end":{"line":56,"column":85}},"type":"cond-expr","locations":[{"start":{"line":56,"column":70},"end":{"line":56,"column":80}},{"start":{"line":56,"column":83},"end":{"line":56,"column":85}}],"line":56},"9":{"loc":{"start":{"line":66,"column":9},"end":{"line":72,"column":9}},"type":"binary-expr","locations":[{"start":{"line":66,"column":9},"end":{"line":66,"column":19}},{"start":{"line":66,"column":23},"end":{"line":66,"column":36}},{"start":{"line":66,"column":40},"end":{"line":66,"column":64}},{"start":{"line":67,"column":10},"end":{"line":71,"column":16}}],"line":66},"10":{"loc":{"start":{"line":69,"column":29},"end":{"line":69,"column":65}},"type":"binary-expr","locations":[{"start":{"line":69,"column":29},"end":{"line":69,"column":39}},{"start":{"line":69,"column":43},"end":{"line":69,"column":51}},{"start":{"line":69,"column":55},"end":{"line":69,"column":65}}],"line":69},"11":{"loc":{"start":{"line":82,"column":7},"end":{"line":130,"column":7}},"type":"cond-expr","locations":[{"start":{"line":83,"column":8},"end":{"line":83,"column":75}},{"start":{"line":85,"column":8},"end":{"line":129,"column":14}}],"line":82},"12":{"loc":{"start":{"line":87,"column":13},"end":{"line":93,"column":13}},"type":"cond-expr","locations":[{"start":{"line":88,"column":14},"end":{"line":88,"column":75}},{"start":{"line":89,"column":16},"end":{"line":93,"column":13}}],"line":87},"13":{"loc":{"start":{"line":89,"column":16},"end":{"line":93,"column":13}},"type":"cond-expr","locations":[{"start":{"line":90,"column":14},"end":{"line":90,"column":38}},{"start":{"line":92,"column":14},"end":{"line":92,"column":70}}],"line":89},"14":{"loc":{"start":{"line":96,"column":11},"end":{"line":115,"column":11}},"type":"binary-expr","locations":[{"start":{"line":96,"column":11},"end":{"line":96,"column":23}},{"start":{"line":96,"column":27},"end":{"line":96,"column":38}},{"start":{"line":97,"column":12},"end":{"line":114,"column":18}}],"line":96},"15":{"loc":{"start":{"line":117,"column":11},"end":{"line":122,"column":11}},"type":"binary-expr","locations":[{"start":{"line":117,"column":11},"end":{"line":117,"column":23}},{"start":{"line":117,"column":27},"end":{"line":117,"column":39}},{"start":{"line":118,"column":12},"end":{"line":121,"column":18}}],"line":117},"16":{"loc":{"start":{"line":124,"column":11},"end":{"line":128,"column":11}},"type":"binary-expr","locations":[{"start":{"line":124,"column":11},"end":{"line":124,"column":24}},{"start":{"line":125,"column":12},"end":{"line":127,"column":18}}],"line":124}},"s":{"0":0,"1":0,"2":0,"3":0,"4":0,"5":0,"6":0,"7":0,"8":0,"9":0,"10":0,"11":0,"12":0,"13":0,"14":0,"15":0,"16":0,"17":0,"18":0,"19":0,"20":0,"21":0,"22":0,"23":0,"24":0,"25":0},"f":{"0":0,"1":0,"2":0,"3":0,"4":0,"5":0,"6":0},"b":{"0":[0,0],"1":[0],"2":[0,0,0],"3":[0,0],"4":[0,0],"5":[0,0],"6":[0,0],"7":[0,0],"8":[0,0],"9":[0,0,0,0],"10":[0,0,0],"11":[0,0],"12":[0,0],"13":[0,0],"14":[0,0,0],"15":[0,0,0],"16":[0,0]}}
,"/Users/oliver/OliverRepo/system/dashboard/src/components/OrgChart.jsx": {"path":"/Users/oliver/OliverRepo/system/dashboard/src/components/OrgChart.jsx","statementMap":{"0":{"start":{"line":7,"column":40},"end":{"line":7,"column":80}},"1":{"start":{"line":8,"column":46},"end":{"line":8,"column":60}},"2":{"start":{"line":10,"column":2},"end":{"line":10,"column":24}},"3":{"start":{"line":10,"column":13},"end":{"line":10,"column":24}},"4":{"start":{"line":12,"column":18},"end":{"line":46,"column":3}},"5":{"start":{"line":13,"column":23},"end":{"line":13,"column":44}},"6":{"start":{"line":15,"column":4},"end":{"line":45,"column":5}},"7":{"start":{"line":21,"column":29},"end":{"line":21,"column":43}},"8":{"start":{"line":31,"column":27},"end":{"line":31,"column":70}},"9":{"start":{"line":40,"column":14},"end":{"line":40,"column":51}},"10":{"start":{"line":48,"column":2},"end":{"line":126,"column":3}},"11":{"start":{"line":64,"column":48},"end":{"line":68,"column":17}},"12":{"start":{"line":74,"column":50},"end":{"line":79,"column":17}},"13":{"start":{"line":94,"column":31},"end":{"line":94,"column":54}},"14":{"start":{"line":105,"column":33},"end":{"line":105,"column":77}}},"fnMap":{"0":{"name":"OrgChart","decl":{"start":{"line":6,"column":24},"end":{"line":6,"column":32}},"loc":{"start":{"line":6,"column":43},"end":{"line":127,"column":1}},"line":6},"1":{"name":"(anonymous_1)","decl":{"start":{"line":12,"column":18},"end":{"line":12,"column":19}},"loc":{"start":{"line":12,"column":58},"end":{"line":46,"column":3}},"line":12},"2":{"name":"(anonymous_2)","decl":{"start":{"line":21,"column":23},"end":{"line":21,"column":24}},"loc":{"start":{"line":21,"column":29},"end":{"line":21,"column":43}},"line":21},"3":{"name":"(anonymous_3)","decl":{"start":{"line":31,"column":21},"end":{"line":31,"column":22}},"loc":{"start":{"line":31,"column":27},"end":{"line":31,"column":70}},"line":31},"4":{"name":"(anonymous_4)","decl":{"start":{"line":39,"column":26},"end":{"line":39,"column":27}},"loc":{"start":{"line":40,"column":14},"end":{"line":40,"column":51}},"line":40},"5":{"name":"(anonymous_5)","decl":{"start":{"line":64,"column":42},"end":{"line":64,"column":43}},"loc":{"start":{"line":64,"column":48},"end":{"line":68,"column":17}},"line":64},"6":{"name":"(anonymous_6)","decl":{"start":{"line":74,"column":44},"end":{"line":74,"column":45}},"loc":{"start":{"line":74,"column":50},"end":{"line":79,"column":17}},"line":74},"7":{"name":"(anonymous_7)","decl":{"start":{"line":94,"column":25},"end":{"line":94,"column":26}},"loc":{"start":{"line":94,"column":31},"end":{"line":94,"column":54}},"line":94},"8":{"name":"(anonymous_8)","decl":{"start":{"line":105,"column":27},"end":{"line":105,"column":28}},"loc":{"start":{"line":105,"column":33},"end":{"line":105,"column":77}},"line":105}},"branchMap":{"0":{"loc":{"start":{"line":10,"column":2},"end":{"line":10,"column":24}},"type":"if","locations":[{"start":{"line":10,"column":2},"end":{"line":10,"column":24}},{"start":{},"end":{}}],"line":10},"1":{"loc":{"start":{"line":18,"column":11},"end":{"line":26,"column":11}},"type":"binary-expr","locations":[{"start":{"line":18,"column":11},"end":{"line":18,"column":19}},{"start":{"line":18,"column":23},"end":{"line":18,"column":42}},{"start":{"line":19,"column":12},"end":{"line":25,"column":21}}],"line":18},"2":{"loc":{"start":{"line":20,"column":39},"end":{"line":20,"column":67}},"type":"cond-expr","locations":[{"start":{"line":20,"column":52},"end":{"line":20,"column":62}},{"start":{"line":20,"column":65},"end":{"line":20,"column":67}}],"line":20},"3":{"loc":{"start":{"line":27,"column":11},"end":{"line":27,"column":68}},"type":"binary-expr","locations":[{"start":{"line":27,"column":11},"end":{"line":27,"column":20}},{"start":{"line":27,"column":24},"end":{"line":27,"column":68}}],"line":27},"4":{"loc":{"start":{"line":30,"column":47},"end":{"line":30,"column":90}},"type":"cond-expr","locations":[{"start":{"line":30,"column":75},"end":{"line":30,"column":85}},{"start":{"line":30,"column":88},"end":{"line":30,"column":90}}],"line":30},"5":{"loc":{"start":{"line":37,"column":9},"end":{"line":43,"column":9}},"type":"binary-expr","locations":[{"start":{"line":37,"column":9},"end":{"line":37,"column":19}},{"start":{"line":37,"column":23},"end":{"line":37,"column":31}},{"start":{"line":37,"column":35},"end":{"line":37,"column":54}},{"start":{"line":38,"column":10},"end":{"line":42,"column":16}}],"line":37},"6":{"loc":{"start":{"line":76,"column":24},"end":{"line":76,"column":41}},"type":"binary-expr","locations":[{"start":{"line":76,"column":24},"end":{"line":76,"column":31}},{"start":{"line":76,"column":35},"end":{"line":76,"column":41}}],"line":76},"7":{"loc":{"start":{"line":85,"column":9},"end":{"line":119,"column":9}},"type":"binary-expr","locations":[{"start":{"line":85,"column":9},"end":{"line":85,"column":23}},{"start":{"line":86,"column":10},"end":{"line":118,"column":16}}],"line":85},"8":{"loc":{"start":{"line":101,"column":13},"end":{"line":110,"column":13}},"type":"binary-expr","locations":[{"start":{"line":101,"column":13},"end":{"line":101,"column":32}},{"start":{"line":102,"column":14},"end":{"line":109,"column":20}}],"line":101},"9":{"loc":{"start":{"line":113,"column":15},"end":{"line":113,"column":73}},"type":"binary-expr","locations":[{"start":{"line":113,"column":15},"end":{"line":113,"column":46}},{"start":{"line":113,"column":50},"end":{"line":113,"column":73}}],"line":113},"10":{"loc":{"start":{"line":114,"column":15},"end":{"line":114,"column":86}},"type":"binary-expr","locations":[{"start":{"line":114,"column":15},"end":{"line":114,"column":46}},{"start":{"line":114,"column":50},"end":{"line":114,"column":86}}],"line":114},"11":{"loc":{"start":{"line":115,"column":15},"end":{"line":115,"column":85}},"type":"binary-expr","locations":[{"start":{"line":115,"column":15},"end":{"line":115,"column":48}},{"start":{"line":115,"column":52},"end":{"line":115,"column":85}}],"line":115},"12":{"loc":{"start":{"line":116,"column":15},"end":{"line":116,"column":78}},"type":"binary-expr","locations":[{"start":{"line":116,"column":15},"end":{"line":116,"column":46}},{"start":{"line":116,"column":50},"end":{"line":116,"column":78}}],"line":116}},"s":{"0":0,"1":0,"2":0,"3":0,"4":0,"5":0,"6":0,"7":0,"8":0,"9":0,"10":0,"11":0,"12":0,"13":0,"14":0},"f":{"0":0,"1":0,"2":0,"3":0,"4":0,"5":0,"6":0,"7":0,"8":0},"b":{"0":[0,0],"1":[0,0,0],"2":[0,0],"3":[0,0],"4":[0,0],"5":[0,0,0,0],"6":[0,0],"7":[0,0],"8":[0,0],"9":[0,0],"10":[0,0],"11":[0,0],"12":[0,0]}}
,"/Users/oliver/OliverRepo/system/dashboard/src/components/RefreshBar.jsx": {"path":"/Users/oliver/OliverRepo/system/dashboard/src/components/RefreshBar.jsx","statementMap":{"0":{"start":{"line":4,"column":42},"end":{"line":4,"column":57}},"1":{"start":{"line":6,"column":21},"end":{"line":15,"column":3}},"2":{"start":{"line":7,"column":4},"end":{"line":14,"column":19}},"3":{"start":{"line":17,"column":24},"end":{"line":21,"column":3}},"4":{"start":{"line":18,"column":4},"end":{"line":18,"column":25}},"5":{"start":{"line":19,"column":4},"end":{"line":19,"column":21}},"6":{"start":{"line":20,"column":4},"end":{"line":20,"column":26}},"7":{"start":{"line":23,"column":2},"end":{"line":39,"column":3}}},"fnMap":{"0":{"name":"RefreshBar","decl":{"start":{"line":3,"column":24},"end":{"line":3,"column":34}},"loc":{"start":{"line":3,"column":63},"end":{"line":40,"column":1}},"line":3},"1":{"name":"(anonymous_1)","decl":{"start":{"line":6,"column":21},"end":{"line":6,"column":22}},"loc":{"start":{"line":6,"column":31},"end":{"line":15,"column":3}},"line":6},"2":{"name":"(anonymous_2)","decl":{"start":{"line":17,"column":24},"end":{"line":17,"column":25}},"loc":{"start":{"line":17,"column":36},"end":{"line":21,"column":3}},"line":17}},"branchMap":{"0":{"loc":{"start":{"line":35,"column":11},"end":{"line":35,"column":57}},"type":"cond-expr","locations":[{"start":{"line":35,"column":26},"end":{"line":35,"column":43}},{"start":{"line":35,"column":46},"end":{"line":35,"column":57}}],"line":35}},"s":{"0":0,"1":0,"2":0,"3":0,"4":0,"5":0,"6":0,"7":0},"f":{"0":0,"1":0,"2":0},"b":{"0":[0,0]}}
,"/Users/oliver/OliverRepo/system/dashboard/src/components/SkillsPanel.jsx": {"path":"/Users/oliver/OliverRepo/system/dashboard/src/components/SkillsPanel.jsx","statementMap":{"0":{"start":{"line":7,"column":30},"end":{"line":7,"column":42}},"1":{"start":{"line":8,"column":43},"end":{"line":8,"column":70}},"2":{"start":{"line":10,"column":19},"end":{"line":10,"column":77}},"3":{"start":{"line":12,"column":2},"end":{"line":51,"column":3}},"4":{"start":{"line":33,"column":16},"end":{"line":36,"column":22}}},"fnMap":{"0":{"name":"SkillsPanel","decl":{"start":{"line":6,"column":24},"end":{"line":6,"column":35}},"loc":{"start":{"line":6,"column":38},"end":{"line":52,"column":1}},"line":6},"1":{"name":"(anonymous_1)","decl":{"start":{"line":32,"column":27},"end":{"line":32,"column":28}},"loc":{"start":{"line":33,"column":16},"end":{"line":36,"column":22}},"line":33}},"branchMap":{"0":{"loc":{"start":{"line":10,"column":31},"end":{"line":10,"column":43}},"type":"binary-expr","locations":[{"start":{"line":10,"column":31},"end":{"line":10,"column":37}},{"start":{"line":10,"column":41},"end":{"line":10,"column":43}}],"line":10},"1":{"loc":{"start":{"line":17,"column":7},"end":{"line":49,"column":7}},"type":"cond-expr","locations":[{"start":{"line":18,"column":8},"end":{"line":18,"column":77}},{"start":{"line":20,"column":8},"end":{"line":48,"column":11}}],"line":17},"2":{"loc":{"start":{"line":29,"column":13},"end":{"line":42,"column":13}},"type":"cond-expr","locations":[{"start":{"line":30,"column":14},"end":{"line":30,"column":63}},{"start":{"line":31,"column":16},"end":{"line":42,"column":13}}],"line":29},"3":{"loc":{"start":{"line":31,"column":16},"end":{"line":42,"column":13}},"type":"cond-expr","locations":[{"start":{"line":32,"column":14},"end":{"line":37,"column":16}},{"start":{"line":38,"column":16},"end":{"line":42,"column":13}}],"line":31},"4":{"loc":{"start":{"line":38,"column":16},"end":{"line":42,"column":13}},"type":"cond-expr","locations":[{"start":{"line":39,"column":14},"end":{"line":39,"column":63}},{"start":{"line":41,"column":14},"end":{"line":41,"column":70}}],"line":38}},"s":{"0":0,"1":0,"2":0,"3":0,"4":0},"f":{"0":0,"1":0},"b":{"0":[0,0],"1":[0,0],"2":[0,0],"3":[0,0],"4":[0,0]}}
,"/Users/oliver/OliverRepo/system/dashboard/src/components/UsageTips.jsx": {"path":"/Users/oliver/OliverRepo/system/dashboard/src/components/UsageTips.jsx","statementMap":{"0":{"start":{"line":2,"column":2},"end":{"line":89,"column":3}}},"fnMap":{"0":{"name":"UsageTips","decl":{"start":{"line":1,"column":24},"end":{"line":1,"column":33}},"loc":{"start":{"line":1,"column":36},"end":{"line":90,"column":1}},"line":1}},"branchMap":{},"s":{"0":0},"f":{"0":0},"b":{}}
,"/Users/oliver/OliverRepo/system/dashboard/src/components/Shared/ConfirmDialog.jsx": {"path":"/Users/oliver/OliverRepo/system/dashboard/src/components/Shared/ConfirmDialog.jsx","statementMap":{"0":{"start":{"line":5,"column":22},"end":{"line":36,"column":1}},"1":{"start":{"line":15,"column":2},"end":{"line":35,"column":4}}},"fnMap":{"0":{"name":"(anonymous_0)","decl":{"start":{"line":5,"column":22},"end":{"line":5,"column":23}},"loc":{"start":{"line":14,"column":6},"end":{"line":36,"column":1}},"line":14}},"branchMap":{"0":{"loc":{"start":{"line":9,"column":2},"end":{"line":9,"column":25}},"type":"default-arg","locations":[{"start":{"line":9,"column":16},"end":{"line":9,"column":25}}],"line":9},"1":{"loc":{"start":{"line":10,"column":2},"end":{"line":10,"column":23}},"type":"default-arg","locations":[{"start":{"line":10,"column":15},"end":{"line":10,"column":23}}],"line":10},"2":{"loc":{"start":{"line":11,"column":2},"end":{"line":11,"column":21}},"type":"default-arg","locations":[{"start":{"line":11,"column":16},"end":{"line":11,"column":21}}],"line":11},"3":{"loc":{"start":{"line":27,"column":30},"end":{"line":27,"column":72}},"type":"cond-expr","locations":[{"start":{"line":27,"column":44},"end":{"line":27,"column":56}},{"start":{"line":27,"column":59},"end":{"line":27,"column":72}}],"line":27}},"s":{"0":1,"1":6},"f":{"0":6},"b":{"0":[5],"1":[5],"2":[4],"3":[1,5]},"_coverageSchema":"1a1c01bbd47fc00a2c39e90264f33305004495a9","hash":"1cec5f42207178276d28f9edf98d7532f90c406c"}
,"/Users/oliver/OliverRepo/system/dashboard/src/components/Shared/ErrorBanner.jsx": {"path":"/Users/oliver/OliverRepo/system/dashboard/src/components/Shared/ErrorBanner.jsx","statementMap":{"0":{"start":{"line":4,"column":20},"end":{"line":31,"column":1}},"1":{"start":{"line":5,"column":2},"end":{"line":30,"column":4}}},"fnMap":{"0":{"name":"(anonymous_0)","decl":{"start":{"line":4,"column":20},"end":{"line":4,"column":21}},"loc":{"start":{"line":4,"column":57},"end":{"line":31,"column":1}},"line":4}},"branchMap":{"0":{"loc":{"start":{"line":11,"column":9},"end":{"line":19,"column":9}},"type":"binary-expr","locations":[{"start":{"line":11,"column":9},"end":{"line":11,"column":16}},{"start":{"line":12,"column":10},"end":{"line":18,"column":19}}],"line":11}},"s":{"0":1,"1":5},"f":{"0":5},"b":{"0":[5,2]},"_coverageSchema":"1a1c01bbd47fc00a2c39e90264f33305004495a9","hash":"535684f716cb98bf865ad56bfbcede6b0a333aff"}
,"/Users/oliver/OliverRepo/system/dashboard/src/components/Shared/LoadingState.jsx": {"path":"/Users/oliver/OliverRepo/system/dashboard/src/components/Shared/LoadingState.jsx","statementMap":{"0":{"start":{"line":4,"column":21},"end":{"line":11,"column":1}},"1":{"start":{"line":5,"column":2},"end":{"line":10,"column":4}}},"fnMap":{"0":{"name":"(anonymous_0)","decl":{"start":{"line":4,"column":21},"end":{"line":4,"column":22}},"loc":{"start":{"line":4,"column":45},"end":{"line":11,"column":1}},"line":4}},"branchMap":{"0":{"loc":{"start":{"line":4,"column":24},"end":{"line":4,"column":38}},"type":"default-arg","locations":[{"start":{"line":4,"column":34},"end":{"line":4,"column":38}}],"line":4},"1":{"loc":{"start":{"line":8,"column":7},"end":{"line":8,"column":62}},"type":"binary-expr","locations":[{"start":{"line":8,"column":7},"end":{"line":8,"column":14}},{"start":{"line":8,"column":18},"end":{"line":8,"column":62}}],"line":8}},"s":{"0":1,"1":4},"f":{"0":4},"b":{"0":[3],"1":[4,1]},"_coverageSchema":"1a1c01bbd47fc00a2c39e90264f33305004495a9","hash":"527a2d8fdc9d99ec3270443d716dbfaffb7bc962"}
,"/Users/oliver/OliverRepo/system/dashboard/src/components/Shared/Modal.jsx": {"path":"/Users/oliver/OliverRepo/system/dashboard/src/components/Shared/Modal.jsx","statementMap":{"0":{"start":{"line":4,"column":14},"end":{"line":68,"column":1}},"1":{"start":{"line":5,"column":20},"end":{"line":5,"column":32}},"2":{"start":{"line":6,"column":18},"end":{"line":6,"column":74}},"3":{"start":{"line":9,"column":2},"end":{"line":38,"column":24}},"4":{"start":{"line":10,"column":4},"end":{"line":10,"column":24}},"5":{"start":{"line":10,"column":17},"end":{"line":10,"column":24}},"6":{"start":{"line":13,"column":25},"end":{"line":22,"column":5}},"7":{"start":{"line":14,"column":6},"end":{"line":21,"column":7}},"8":{"start":{"line":15,"column":34},"end":{"line":17,"column":9}},"9":{"start":{"line":18,"column":8},"end":{"line":20,"column":9}},"10":{"start":{"line":19,"column":10},"end":{"line":19,"column":39}},"11":{"start":{"line":25,"column":4},"end":{"line":25,"column":40}},"12":{"start":{"line":28,"column":26},"end":{"line":32,"column":5}},"13":{"start":{"line":29,"column":6},"end":{"line":31,"column":7}},"14":{"start":{"line":30,"column":8},"end":{"line":30,"column":18}},"15":{"start":{"line":34,"column":4},"end":{"line":34,"column":56}},"16":{"start":{"line":35,"column":4},"end":{"line":37,"column":6}},"17":{"start":{"line":36,"column":6},"end":{"line":36,"column":61}},"18":{"start":{"line":40,"column":2},"end":{"line":40,"column":27}},"19":{"start":{"line":40,"column":15},"end":{"line":40,"column":27}},"20":{"start":{"line":42,"column":29},"end":{"line":47,"column":3}},"21":{"start":{"line":44,"column":4},"end":{"line":46,"column":5}},"22":{"start":{"line":45,"column":6},"end":{"line":45,"column":16}},"23":{"start":{"line":49,"column":2},"end":{"line":67,"column":4}}},"fnMap":{"0":{"name":"(anonymous_0)","decl":{"start":{"line":4,"column":14},"end":{"line":4,"column":15}},"loc":{"start":{"line":4,"column":56},"end":{"line":68,"column":1}},"line":4},"1":{"name":"(anonymous_1)","decl":{"start":{"line":9,"column":12},"end":{"line":9,"column":13}},"loc":{"start":{"line":9,"column":18},"end":{"line":38,"column":3}},"line":9},"2":{"name":"(anonymous_2)","decl":{"start":{"line":13,"column":25},"end":{"line":13,"column":26}},"loc":{"start":{"line":13,"column":31},"end":{"line":22,"column":5}},"line":13},"3":{"name":"(anonymous_3)","decl":{"start":{"line":28,"column":26},"end":{"line":28,"column":27}},"loc":{"start":{"line":28,"column":37},"end":{"line":32,"column":5}},"line":28},"4":{"name":"(anonymous_4)","decl":{"start":{"line":35,"column":11},"end":{"line":35,"column":12}},"loc":{"start":{"line":35,"column":17},"end":{"line":37,"column":5}},"line":35},"5":{"name":"(anonymous_5)","decl":{"start":{"line":42,"column":29},"end":{"line":42,"column":30}},"loc":{"start":{"line":42,"column":40},"end":{"line":47,"column":3}},"line":42}},"branchMap":{"0":{"loc":{"start":{"line":10,"column":4},"end":{"line":10,"column":24}},"type":"if","locations":[{"start":{"line":10,"column":4},"end":{"line":10,"column":24}},{"start":{},"end":{}}],"line":10},"1":{"loc":{"start":{"line":14,"column":6},"end":{"line":21,"column":7}},"type":"if","locations":[{"start":{"line":14,"column":6},"end":{"line":21,"column":7}},{"start":{},"end":{}}],"line":14},"2":{"loc":{"start":{"line":18,"column":8},"end":{"line":20,"column":9}},"type":"if","locations":[{"start":{"line":18,"column":8},"end":{"line":20,"column":9}},{"start":{},"end":{}}],"line":18},"3":{"loc":{"start":{"line":29,"column":6},"end":{"line":31,"column":7}},"type":"if","locations":[{"start":{"line":29,"column":6},"end":{"line":31,"column":7}},{"start":{},"end":{}}],"line":29},"4":{"loc":{"start":{"line":40,"column":2},"end":{"line":40,"column":27}},"type":"if","locations":[{"start":{"line":40,"column":2},"end":{"line":40,"column":27}},{"start":{},"end":{}}],"line":40},"5":{"loc":{"start":{"line":44,"column":4},"end":{"line":46,"column":5}},"type":"if","locations":[{"start":{"line":44,"column":4},"end":{"line":46,"column":5}},{"start":{},"end":{}}],"line":44},"6":{"loc":{"start":{"line":57,"column":9},"end":{"line":61,"column":9}},"type":"binary-expr","locations":[{"start":{"line":57,"column":9},"end":{"line":57,"column":14}},{"start":{"line":58,"column":10},"end":{"line":60,"column":15}}],"line":57}},"s":{"0":2,"1":12,"2":12,"3":12,"4":12,"5":1,"6":11,"7":4,"8":1,"9":1,"10":1,"11":11,"12":11,"13":1,"14":1,"15":11,"16":11,"17":11,"18":12,"19":1,"20":11,"21":3,"22":1,"23":11},"f":{"0":12,"1":12,"2":4,"3":1,"4":11,"5":3},"b":{"0":[1,11],"1":[1,3],"2":[1,0],"3":[1,0],"4":[1,11],"5":[1,2],"6":[11,11]},"_coverageSchema":"1a1c01bbd47fc00a2c39e90264f33305004495a9","hash":"15b8af4220116aea2712039bab301c439ab33794"}
,"/Users/oliver/OliverRepo/system/dashboard/src/components/Shared/SearchInput.jsx": {"path":"/Users/oliver/OliverRepo/system/dashboard/src/components/Shared/SearchInput.jsx","statementMap":{"0":{"start":{"line":4,"column":20},"end":{"line":66,"column":1}},"1":{"start":{"line":11,"column":42},"end":{"line":11,"column":57}},"2":{"start":{"line":12,"column":44},"end":{"line":12,"column":58}},"3":{"start":{"line":15,"column":2},"end":{"line":17,"column":14}},"4":{"start":{"line":16,"column":4},"end":{"line":16,"column":27}},"5":{"start":{"line":19,"column":23},"end":{"line":34,"column":3}},"6":{"start":{"line":20,"column":21},"end":{"line":20,"column":35}},"7":{"start":{"line":21,"column":4},"end":{"line":21,"column":30}},"8":{"start":{"line":24,"column":4},"end":{"line":26,"column":5}},"9":{"start":{"line":25,"column":6},"end":{"line":25,"column":34}},"10":{"start":{"line":29,"column":18},"end":{"line":31,"column":18}},"11":{"start":{"line":30,"column":6},"end":{"line":30,"column":25}},"12":{"start":{"line":33,"column":4},"end":{"line":33,"column":28}},"13":{"start":{"line":36,"column":22},"end":{"line":39,"column":3}},"14":{"start":{"line":37,"column":4},"end":{"line":37,"column":24}},"15":{"start":{"line":38,"column":4},"end":{"line":38,"column":17}},"16":{"start":{"line":41,"column":2},"end":{"line":65,"column":4}}},"fnMap":{"0":{"name":"(anonymous_0)","decl":{"start":{"line":4,"column":20},"end":{"line":4,"column":21}},"loc":{"start":{"line":10,"column":6},"end":{"line":66,"column":1}},"line":10},"1":{"name":"(anonymous_1)","decl":{"start":{"line":15,"column":12},"end":{"line":15,"column":13}},"loc":{"start":{"line":15,"column":18},"end":{"line":17,"column":3}},"line":15},"2":{"name":"(anonymous_2)","decl":{"start":{"line":19,"column":23},"end":{"line":19,"column":24}},"loc":{"start":{"line":19,"column":30},"end":{"line":34,"column":3}},"line":19},"3":{"name":"(anonymous_3)","decl":{"start":{"line":29,"column":29},"end":{"line":29,"column":30}},"loc":{"start":{"line":29,"column":35},"end":{"line":31,"column":5}},"line":29},"4":{"name":"(anonymous_4)","decl":{"start":{"line":36,"column":22},"end":{"line":36,"column":23}},"loc":{"start":{"line":36,"column":28},"end":{"line":39,"column":3}},"line":36}},"branchMap":{"0":{"loc":{"start":{"line":5,"column":2},"end":{"line":5,"column":12}},"type":"default-arg","locations":[{"start":{"line":5,"column":10},"end":{"line":5,"column":12}}],"line":5},"1":{"loc":{"start":{"line":7,"column":2},"end":{"line":7,"column":27}},"type":"default-arg","locations":[{"start":{"line":7,"column":16},"end":{"line":7,"column":27}}],"line":7},"2":{"loc":{"start":{"line":8,"column":2},"end":{"line":8,"column":17}},"type":"default-arg","locations":[{"start":{"line":8,"column":12},"end":{"line":8,"column":17}}],"line":8},"3":{"loc":{"start":{"line":9,"column":2},"end":{"line":9,"column":18}},"type":"default-arg","locations":[{"start":{"line":9,"column":15},"end":{"line":9,"column":18}}],"line":9},"4":{"loc":{"start":{"line":24,"column":4},"end":{"line":26,"column":5}},"type":"if","locations":[{"start":{"line":24,"column":4},"end":{"line":26,"column":5}},{"start":{},"end":{}}],"line":24},"5":{"loc":{"start":{"line":53,"column":7},"end":{"line":62,"column":7}},"type":"binary-expr","locations":[{"start":{"line":53,"column":7},"end":{"line":53,"column":19}},{"start":{"line":53,"column":23},"end":{"line":53,"column":31}},{"start":{"line":54,"column":8},"end":{"line":61,"column":17}}],"line":53},"6":{"loc":{"start":{"line":63,"column":7},"end":{"line":63,"column":52}},"type":"binary-expr","locations":[{"start":{"line":63,"column":7},"end":{"line":63,"column":14}},{"start":{"line":63,"column":18},"end":{"line":63,"column":52}}],"line":63}},"s":{"0":1,"1":15,"2":15,"3":15,"4":6,"5":15,"6":4,"7":4,"8":4,"9":3,"10":4,"11":1,"12":4,"13":15,"14":1,"15":1,"16":15},"f":{"0":15,"1":6,"2":4,"3":1,"4":1},"b":{"0":[0],"1":[0],"2":[13],"3":[9],"4":[3,1],"5":[15,7,7],"6":[15,1]},"_coverageSchema":"1a1c01bbd47fc00a2c39e90264f33305004495a9","hash":"d50c103f933e6d637f1a2e9d36316ec93940917b"}
,"/Users/oliver/OliverRepo/system/dashboard/src/hooks/useExpandedNodes.js": {"path":"/Users/oliver/OliverRepo/system/dashboard/src/hooks/useExpandedNodes.js","statementMap":{"0":{"start":{"line":10,"column":25},"end":{"line":44,"column":1}},"1":{"start":{"line":11,"column":44},"end":{"line":11,"column":73}},"2":{"start":{"line":13,"column":21},"end":{"line":23,"column":8}},"3":{"start":{"line":14,"column":4},"end":{"line":22,"column":7}},"4":{"start":{"line":15,"column":21},"end":{"line":15,"column":34}},"5":{"start":{"line":16,"column":6},"end":{"line":20,"column":7}},"6":{"start":{"line":17,"column":8},"end":{"line":17,"column":26}},"7":{"start":{"line":19,"column":8},"end":{"line":19,"column":23}},"8":{"start":{"line":21,"column":6},"end":{"line":21,"column":20}},"9":{"start":{"line":25,"column":20},"end":{"line":27,"column":8}},"10":{"start":{"line":26,"column":4},"end":{"line":26,"column":35}},"11":{"start":{"line":29,"column":22},"end":{"line":31,"column":8}},"12":{"start":{"line":30,"column":4},"end":{"line":30,"column":32}},"13":{"start":{"line":33,"column":21},"end":{"line":35,"column":21}},"14":{"start":{"line":34,"column":4},"end":{"line":34,"column":33}},"15":{"start":{"line":37,"column":2},"end":{"line":43,"column":4}}},"fnMap":{"0":{"name":"(anonymous_0)","decl":{"start":{"line":10,"column":25},"end":{"line":10,"column":26}},"loc":{"start":{"line":10,"column":46},"end":{"line":44,"column":1}},"line":10},"1":{"name":"(anonymous_1)","decl":{"start":{"line":13,"column":33},"end":{"line":13,"column":34}},"loc":{"start":{"line":13,"column":41},"end":{"line":23,"column":3}},"line":13},"2":{"name":"(anonymous_2)","decl":{"start":{"line":14,"column":21},"end":{"line":14,"column":22}},"loc":{"start":{"line":14,"column":29},"end":{"line":22,"column":5}},"line":14},"3":{"name":"(anonymous_3)","decl":{"start":{"line":25,"column":32},"end":{"line":25,"column":33}},"loc":{"start":{"line":25,"column":41},"end":{"line":27,"column":3}},"line":25},"4":{"name":"(anonymous_4)","decl":{"start":{"line":29,"column":34},"end":{"line":29,"column":35}},"loc":{"start":{"line":29,"column":40},"end":{"line":31,"column":3}},"line":29},"5":{"name":"(anonymous_5)","decl":{"start":{"line":33,"column":33},"end":{"line":33,"column":34}},"loc":{"start":{"line":33,"column":41},"end":{"line":35,"column":3}},"line":33}},"branchMap":{"0":{"loc":{"start":{"line":10,"column":26},"end":{"line":10,"column":41}},"type":"default-arg","locations":[{"start":{"line":10,"column":39},"end":{"line":10,"column":41}}],"line":10},"1":{"loc":{"start":{"line":16,"column":6},"end":{"line":20,"column":7}},"type":"if","locations":[{"start":{"line":16,"column":6},"end":{"line":20,"column":7}},{"start":{"line":18,"column":13},"end":{"line":20,"column":7}}],"line":16}},"s":{"0":1,"1":9,"2":9,"3":2,"4":2,"5":2,"6":1,"7":1,"8":2,"9":9,"10":1,"11":9,"12":1,"13":9,"14":14,"15":9},"f":{"0":9,"1":2,"2":2,"3":1,"4":1,"5":14},"b":{"0":[0],"1":[1,1]},"_coverageSchema":"1a1c01bbd47fc00a2c39e90264f33305004495a9","hash":"804db0a4e7a6624db58c78b67ccd5911958b58d6"}
,"/Users/oliver/OliverRepo/system/dashboard/src/hooks/useFetchData.js": {"path":"/Users/oliver/OliverRepo/system/dashboard/src/hooks/useFetchData.js","statementMap":{"0":{"start":{"line":11,"column":21},"end":{"line":43,"column":1}},"1":{"start":{"line":12,"column":26},"end":{"line":12,"column":40}},"2":{"start":{"line":13,"column":32},"end":{"line":13,"column":46}},"3":{"start":{"line":14,"column":28},"end":{"line":14,"column":42}},"4":{"start":{"line":16,"column":20},"end":{"line":36,"column":16}},"5":{"start":{"line":17,"column":4},"end":{"line":17,"column":21}},"6":{"start":{"line":18,"column":4},"end":{"line":18,"column":19}},"7":{"start":{"line":20,"column":4},"end":{"line":35,"column":5}},"8":{"start":{"line":21,"column":23},"end":{"line":21,"column":44}},"9":{"start":{"line":23,"column":6},"end":{"line":25,"column":7}},"10":{"start":{"line":24,"column":8},"end":{"line":24,"column":75}},"11":{"start":{"line":27,"column":19},"end":{"line":27,"column":40}},"12":{"start":{"line":28,"column":25},"end":{"line":28,"column":48}},"13":{"start":{"line":29,"column":6},"end":{"line":29,"column":26}},"14":{"start":{"line":31,"column":6},"end":{"line":31,"column":20}},"15":{"start":{"line":32,"column":6},"end":{"line":32,"column":20}},"16":{"start":{"line":34,"column":6},"end":{"line":34,"column":24}},"17":{"start":{"line":38,"column":2},"end":{"line":40,"column":28}},"18":{"start":{"line":39,"column":4},"end":{"line":39,"column":16}},"19":{"start":{"line":42,"column":2},"end":{"line":42,"column":54}}},"fnMap":{"0":{"name":"(anonymous_0)","decl":{"start":{"line":11,"column":21},"end":{"line":11,"column":22}},"loc":{"start":{"line":11,"column":35},"end":{"line":43,"column":1}},"line":11},"1":{"name":"(anonymous_1)","decl":{"start":{"line":16,"column":32},"end":{"line":16,"column":33}},"loc":{"start":{"line":16,"column":44},"end":{"line":36,"column":3}},"line":16},"2":{"name":"(anonymous_2)","decl":{"start":{"line":38,"column":12},"end":{"line":38,"column":13}},"loc":{"start":{"line":38,"column":18},"end":{"line":40,"column":3}},"line":38}},"branchMap":{"0":{"loc":{"start":{"line":23,"column":6},"end":{"line":25,"column":7}},"type":"if","locations":[{"start":{"line":23,"column":6},"end":{"line":25,"column":7}},{"start":{},"end":{}}],"line":23}},"s":{"0":1,"1":14,"2":14,"3":14,"4":14,"5":8,"6":8,"7":8,"8":8,"9":8,"10":1,"11":7,"12":7,"13":7,"14":1,"15":1,"16":8,"17":14,"18":7,"19":14},"f":{"0":14,"1":8,"2":7},"b":{"0":[1,7]},"_coverageSchema":"1a1c01bbd47fc00a2c39e90264f33305004495a9","hash":"3c417c6dfac932dfcaecd06498a50355ea2d248e"}
,"/Users/oliver/OliverRepo/system/dashboard/src/hooks/useLocalStorage.js": {"path":"/Users/oliver/OliverRepo/system/dashboard/src/hooks/useLocalStorage.js","statementMap":{"0":{"start":{"line":11,"column":24},"end":{"line":33,"column":1}},"1":{"start":{"line":12,"column":40},"end":{"line":20,"column":4}},"2":{"start":{"line":13,"column":4},"end":{"line":19,"column":5}},"3":{"start":{"line":14,"column":19},"end":{"line":14,"column":44}},"4":{"start":{"line":15,"column":6},"end":{"line":15,"column":52}},"5":{"start":{"line":17,"column":6},"end":{"line":17,"column":71}},"6":{"start":{"line":18,"column":6},"end":{"line":18,"column":26}},"7":{"start":{"line":22,"column":19},"end":{"line":30,"column":3}},"8":{"start":{"line":23,"column":4},"end":{"line":29,"column":5}},"9":{"start":{"line":24,"column":27},"end":{"line":24,"column":81}},"10":{"start":{"line":25,"column":6},"end":{"line":25,"column":35}},"11":{"start":{"line":26,"column":6},"end":{"line":26,"column":62}},"12":{"start":{"line":28,"column":6},"end":{"line":28,"column":71}},"13":{"start":{"line":32,"column":2},"end":{"line":32,"column":33}}},"fnMap":{"0":{"name":"(anonymous_0)","decl":{"start":{"line":11,"column":24},"end":{"line":11,"column":25}},"loc":{"start":{"line":11,"column":47},"end":{"line":33,"column":1}},"line":11},"1":{"name":"(anonymous_1)","decl":{"start":{"line":12,"column":49},"end":{"line":12,"column":50}},"loc":{"start":{"line":12,"column":55},"end":{"line":20,"column":3}},"line":12},"2":{"name":"(anonymous_2)","decl":{"start":{"line":22,"column":19},"end":{"line":22,"column":20}},"loc":{"start":{"line":22,"column":30},"end":{"line":30,"column":3}},"line":22}},"branchMap":{"0":{"loc":{"start":{"line":15,"column":13},"end":{"line":15,"column":51}},"type":"cond-expr","locations":[{"start":{"line":15,"column":20},"end":{"line":15,"column":36}},{"start":{"line":15,"column":39},"end":{"line":15,"column":51}}],"line":15},"1":{"loc":{"start":{"line":24,"column":27},"end":{"line":24,"column":81}},"type":"cond-expr","locations":[{"start":{"line":24,"column":55},"end":{"line":24,"column":73}},{"start":{"line":24,"column":76},"end":{"line":24,"column":81}}],"line":24}},"s":{"0":1,"1":7,"2":4,"3":4,"4":4,"5":0,"6":0,"7":7,"8":3,"9":3,"10":3,"11":3,"12":0,"13":7},"f":{"0":7,"1":4,"2":3},"b":{"0":[1,3],"1":[0,3]},"_coverageSchema":"1a1c01bbd47fc00a2c39e90264f33305004495a9","hash":"ea5fcad8e07dd097ab583bdcc7c5c1b6bc42f300"}
,"/Users/oliver/OliverRepo/system/dashboard/src/utils/constants.js": {"path":"/Users/oliver/OliverRepo/system/dashboard/src/utils/constants.js","statementMap":{"0":{"start":{"line":2,"column":24},"end":{"line":6,"column":1}},"1":{"start":{"line":9,"column":27},"end":{"line":15,"column":1}},"2":{"start":{"line":18,"column":38},"end":{"line":18,"column":60}},"3":{"start":{"line":21,"column":32},"end":{"line":24,"column":1}},"4":{"start":{"line":27,"column":27},"end":{"line":31,"column":1}},"5":{"start":{"line":34,"column":29},"end":{"line":34,"column":56}},"6":{"start":{"line":37,"column":29},"end":{"line":44,"column":1}},"7":{"start":{"line":39,"column":16},"end":{"line":39,"column":87}},"8":{"start":{"line":40,"column":15},"end":{"line":40,"column":97}},"9":{"start":{"line":41,"column":19},"end":{"line":41,"column":85}},"10":{"start":{"line":42,"column":19},"end":{"line":42,"column":89}},"11":{"start":{"line":43,"column":2},"end":{"line":43,"column":43}}},"fnMap":{"0":{"name":"(anonymous_0)","decl":{"start":{"line":37,"column":29},"end":{"line":37,"column":30}},"loc":{"start":{"line":37,"column":35},"end":{"line":44,"column":1}},"line":37}},"branchMap":{"0":{"loc":{"start":{"line":39,"column":16},"end":{"line":39,"column":87}},"type":"binary-expr","locations":[{"start":{"line":39,"column":16},"end":{"line":39,"column":46}},{"start":{"line":39,"column":50},"end":{"line":39,"column":87}}],"line":39},"1":{"loc":{"start":{"line":40,"column":15},"end":{"line":40,"column":97}},"type":"cond-expr","locations":[{"start":{"line":40,"column":23},"end":{"line":40,"column":27}},{"start":{"line":40,"column":30},"end":{"line":40,"column":97}}],"line":40},"2":{"loc":{"start":{"line":40,"column":30},"end":{"line":40,"column":97}},"type":"binary-expr","locations":[{"start":{"line":40,"column":31},"end":{"line":40,"column":89}},{"start":{"line":40,"column":94},"end":{"line":40,"column":97}}],"line":40},"3":{"loc":{"start":{"line":40,"column":31},"end":{"line":40,"column":89}},"type":"cond-expr","locations":[{"start":{"line":40,"column":63},"end":{"line":40,"column":83}},{"start":{"line":40,"column":86},"end":{"line":40,"column":89}}],"line":40},"4":{"loc":{"start":{"line":41,"column":19},"end":{"line":41,"column":85}},"type":"cond-expr","locations":[{"start":{"line":41,"column":51},"end":{"line":41,"column":75}},{"start":{"line":41,"column":78},"end":{"line":41,"column":85}}],"line":41},"5":{"loc":{"start":{"line":42,"column":19},"end":{"line":42,"column":89}},"type":"cond-expr","locations":[{"start":{"line":42,"column":51},"end":{"line":42,"column":75}},{"start":{"line":42,"column":78},"end":{"line":42,"column":89}}],"line":42}},"s":{"0":1,"1":1,"2":1,"3":1,"4":1,"5":1,"6":1,"7":0,"8":0,"9":0,"10":0,"11":0},"f":{"0":0},"b":{"0":[0,0],"1":[0,0],"2":[0,0],"3":[0,0],"4":[0,0],"5":[0,0]},"_coverageSchema":"1a1c01bbd47fc00a2c39e90264f33305004495a9","hash":"65d6107ba6b6fcf5f06eb6ca0e38eae7effe8683"}
,"/Users/oliver/OliverRepo/system/dashboard/src/utils/filterHelpers.js": {"path":"/Users/oliver/OliverRepo/system/dashboard/src/utils/filterHelpers.js","statementMap":{"0":{"start":{"line":3,"column":2},"end":{"line":6,"column":3}},"1":{"start":{"line":4,"column":4},"end":{"line":4,"column":27}},"2":{"start":{"line":5,"column":4},"end":{"line":5,"column":54}},"3":{"start":{"line":5,"column":33},"end":{"line":5,"column":44}},"4":{"start":{"line":10,"column":21},"end":{"line":10,"column":40}},"5":{"start":{"line":11,"column":2},"end":{"line":16,"column":3}},"6":{"start":{"line":12,"column":4},"end":{"line":15,"column":6}},"7":{"start":{"line":13,"column":20},"end":{"line":13,"column":63}},"8":{"start":{"line":14,"column":6},"end":{"line":14,"column":39}},"9":{"start":{"line":20,"column":2},"end":{"line":20,"column":57}},"10":{"start":{"line":20,"column":30},"end":{"line":20,"column":56}}},"fnMap":{"0":{"name":"debounce","decl":{"start":{"line":1,"column":16},"end":{"line":1,"column":24}},"loc":{"start":{"line":1,"column":38},"end":{"line":7,"column":1}},"line":1},"1":{"name":"debounced","decl":{"start":{"line":3,"column":18},"end":{"line":3,"column":27}},"loc":{"start":{"line":3,"column":37},"end":{"line":6,"column":3}},"line":3},"2":{"name":"(anonymous_2)","decl":{"start":{"line":5,"column":27},"end":{"line":5,"column":28}},"loc":{"start":{"line":5,"column":33},"end":{"line":5,"column":44}},"line":5},"3":{"name":"fuzzySearch","decl":{"start":{"line":9,"column":16},"end":{"line":9,"column":27}},"loc":{"start":{"line":9,"column":50},"end":{"line":17,"column":1}},"line":9},"4":{"name":"(anonymous_4)","decl":{"start":{"line":11,"column":22},"end":{"line":11,"column":23}},"loc":{"start":{"line":12,"column":4},"end":{"line":15,"column":6}},"line":12},"5":{"name":"(anonymous_5)","decl":{"start":{"line":12,"column":16},"end":{"line":12,"column":17}},"loc":{"start":{"line":12,"column":25},"end":{"line":15,"column":5}},"line":12},"6":{"name":"filterByCategory","decl":{"start":{"line":19,"column":16},"end":{"line":19,"column":32}},"loc":{"start":{"line":19,"column":50},"end":{"line":21,"column":1}},"line":19},"7":{"name":"(anonymous_7)","decl":{"start":{"line":20,"column":22},"end":{"line":20,"column":23}},"loc":{"start":{"line":20,"column":30},"end":{"line":20,"column":56}},"line":20}},"branchMap":{"0":{"loc":{"start":{"line":13,"column":20},"end":{"line":13,"column":63}},"type":"binary-expr","locations":[{"start":{"line":13,"column":20},"end":{"line":13,"column":57}},{"start":{"line":13,"column":61},"end":{"line":13,"column":63}}],"line":13}},"s":{"0":3,"1":5,"2":5,"3":3,"4":4,"5":4,"6":12,"7":15,"8":15,"9":2,"10":6},"f":{"0":3,"1":5,"2":3,"3":4,"4":12,"5":15,"6":2,"7":6},"b":{"0":[15,0]},"_coverageSchema":"1a1c01bbd47fc00a2c39e90264f33305004495a9","hash":"0b70505022daadc92f5ea5b91a4f6e5d8ff7b25b"}
,"/Users/oliver/OliverRepo/system/dashboard/src/utils/responseNormalizer.js": {"path":"/Users/oliver/OliverRepo/system/dashboard/src/utils/responseNormalizer.js","statementMap":{"0":{"start":{"line":5,"column":17},"end":{"line":16,"column":1}},"1":{"start":{"line":23,"column":33},"end":{"line":28,"column":1}},"2":{"start":{"line":24,"column":2},"end":{"line":26,"column":3}},"3":{"start":{"line":25,"column":4},"end":{"line":25,"column":51}},"4":{"start":{"line":25,"column":28},"end":{"line":25,"column":49}},"5":{"start":{"line":27,"column":2},"end":{"line":27,"column":31}},"6":{"start":{"line":35,"column":31},"end":{"line":60,"column":1}},"7":{"start":{"line":36,"column":2},"end":{"line":38,"column":3}},"8":{"start":{"line":37,"column":4},"end":{"line":37,"column":15}},"9":{"start":{"line":40,"column":2},"end":{"line":42,"column":3}},"10":{"start":{"line":41,"column":4},"end":{"line":41,"column":50}},"11":{"start":{"line":41,"column":27},"end":{"line":41,"column":48}},"12":{"start":{"line":44,"column":21},"end":{"line":44,"column":23}},"13":{"start":{"line":46,"column":2},"end":{"line":57,"column":3}},"14":{"start":{"line":47,"column":20},"end":{"line":47,"column":40}},"15":{"start":{"line":50,"column":4},"end":{"line":56,"column":5}},"16":{"start":{"line":51,"column":6},"end":{"line":51,"column":69}},"17":{"start":{"line":51,"column":46},"end":{"line":51,"column":67}},"18":{"start":{"line":52,"column":11},"end":{"line":56,"column":5}},"19":{"start":{"line":53,"column":6},"end":{"line":53,"column":51}},"20":{"start":{"line":55,"column":6},"end":{"line":55,"column":34}},"21":{"start":{"line":59,"column":2},"end":{"line":59,"column":20}}},"fnMap":{"0":{"name":"(anonymous_0)","decl":{"start":{"line":23,"column":33},"end":{"line":23,"column":34}},"loc":{"start":{"line":23,"column":43},"end":{"line":28,"column":1}},"line":23},"1":{"name":"(anonymous_1)","decl":{"start":{"line":25,"column":20},"end":{"line":25,"column":21}},"loc":{"start":{"line":25,"column":28},"end":{"line":25,"column":49}},"line":25},"2":{"name":"(anonymous_2)","decl":{"start":{"line":35,"column":31},"end":{"line":35,"column":32}},"loc":{"start":{"line":35,"column":40},"end":{"line":60,"column":1}},"line":35},"3":{"name":"(anonymous_3)","decl":{"start":{"line":41,"column":19},"end":{"line":41,"column":20}},"loc":{"start":{"line":41,"column":27},"end":{"line":41,"column":48}},"line":41},"4":{"name":"(anonymous_4)","decl":{"start":{"line":51,"column":38},"end":{"line":51,"column":39}},"loc":{"start":{"line":51,"column":46},"end":{"line":51,"column":67}},"line":51}},"branchMap":{"0":{"loc":{"start":{"line":24,"column":2},"end":{"line":26,"column":3}},"type":"if","locations":[{"start":{"line":24,"column":2},"end":{"line":26,"column":3}},{"start":{},"end":{}}],"line":24},"1":{"loc":{"start":{"line":36,"column":2},"end":{"line":38,"column":3}},"type":"if","locations":[{"start":{"line":36,"column":2},"end":{"line":38,"column":3}},{"start":{},"end":{}}],"line":36},"2":{"loc":{"start":{"line":36,"column":6},"end":{"line":36,"column":37}},"type":"binary-expr","locations":[{"start":{"line":36,"column":6},"end":{"line":36,"column":10}},{"start":{"line":36,"column":14},"end":{"line":36,"column":37}}],"line":36},"3":{"loc":{"start":{"line":40,"column":2},"end":{"line":42,"column":3}},"type":"if","locations":[{"start":{"line":40,"column":2},"end":{"line":42,"column":3}},{"start":{},"end":{}}],"line":40},"4":{"loc":{"start":{"line":47,"column":20},"end":{"line":47,"column":40}},"type":"binary-expr","locations":[{"start":{"line":47,"column":20},"end":{"line":47,"column":33}},{"start":{"line":47,"column":37},"end":{"line":47,"column":40}}],"line":47},"5":{"loc":{"start":{"line":50,"column":4},"end":{"line":56,"column":5}},"type":"if","locations":[{"start":{"line":50,"column":4},"end":{"line":56,"column":5}},{"start":{"line":52,"column":11},"end":{"line":56,"column":5}}],"line":50},"6":{"loc":{"start":{"line":52,"column":11},"end":{"line":56,"column":5}},"type":"if","locations":[{"start":{"line":52,"column":11},"end":{"line":56,"column":5}},{"start":{"line":54,"column":11},"end":{"line":56,"column":5}}],"line":52},"7":{"loc":{"start":{"line":52,"column":15},"end":{"line":52,"column":49}},"type":"binary-expr","locations":[{"start":{"line":52,"column":15},"end":{"line":52,"column":20}},{"start":{"line":52,"column":24},"end":{"line":52,"column":49}}],"line":52}},"s":{"0":1,"1":1,"2":7,"3":0,"4":0,"5":7,"6":1,"7":7,"8":0,"9":7,"10":0,"11":0,"12":7,"13":7,"14":10,"15":10,"16":1,"17":0,"18":9,"19":0,"20":9,"21":7},"f":{"0":7,"1":0,"2":7,"3":0,"4":0},"b":{"0":[0,7],"1":[0,7],"2":[7,7],"3":[0,7],"4":[10,7],"5":[1,9],"6":[0,9],"7":[9,9]},"_coverageSchema":"1a1c01bbd47fc00a2c39e90264f33305004495a9","hash":"12b684f795b1db0c40b06e34f3f886ff3a39ac96"}
,"/Users/oliver/OliverRepo/system/dashboard/src/utils/tokenCalculator.js": {"path":"/Users/oliver/OliverRepo/system/dashboard/src/utils/tokenCalculator.js","statementMap":{"0":{"start":{"line":4,"column":26},"end":{"line":4,"column":95}},"1":{"start":{"line":5,"column":25},"end":{"line":5,"column":74}},"2":{"start":{"line":6,"column":2},"end":{"line":6,"column":48}},"3":{"start":{"line":10,"column":2},"end":{"line":10,"column":31}},"4":{"start":{"line":14,"column":2},"end":{"line":14,"column":37}},"5":{"start":{"line":14,"column":26},"end":{"line":14,"column":37}},"6":{"start":{"line":15,"column":2},"end":{"line":15,"column":39}},"7":{"start":{"line":15,"column":26},"end":{"line":15,"column":39}},"8":{"start":{"line":16,"column":2},"end":{"line":16,"column":17}}},"fnMap":{"0":{"name":"calculateTokenCost","decl":{"start":{"line":3,"column":16},"end":{"line":3,"column":34}},"loc":{"start":{"line":3,"column":54},"end":{"line":7,"column":1}},"line":3},"1":{"name":"formatTokenCount","decl":{"start":{"line":9,"column":16},"end":{"line":9,"column":32}},"loc":{"start":{"line":9,"column":40},"end":{"line":11,"column":1}},"line":9},"2":{"name":"calculateTrend","decl":{"start":{"line":13,"column":16},"end":{"line":13,"column":30}},"loc":{"start":{"line":13,"column":50},"end":{"line":17,"column":1}},"line":13}},"branchMap":{"0":{"loc":{"start":{"line":4,"column":26},"end":{"line":4,"column":95}},"type":"cond-expr","locations":[{"start":{"line":4,"column":66},"end":{"line":4,"column":73}},{"start":{"line":4,"column":76},"end":{"line":4,"column":95}}],"line":4},"1":{"loc":{"start":{"line":5,"column":25},"end":{"line":5,"column":74}},"type":"binary-expr","locations":[{"start":{"line":5,"column":25},"end":{"line":5,"column":53}},{"start":{"line":5,"column":57},"end":{"line":5,"column":74}}],"line":5},"2":{"loc":{"start":{"line":14,"column":2},"end":{"line":14,"column":37}},"type":"if","locations":[{"start":{"line":14,"column":2},"end":{"line":14,"column":37}},{"start":{},"end":{}}],"line":14},"3":{"loc":{"start":{"line":15,"column":2},"end":{"line":15,"column":39}},"type":"if","locations":[{"start":{"line":15,"column":2},"end":{"line":15,"column":39}},{"start":{},"end":{}}],"line":15}},"s":{"0":5,"1":5,"2":5,"3":3,"4":3,"5":1,"6":2,"7":1,"8":1},"f":{"0":5,"1":3,"2":3},"b":{"0":[2,3],"1":[5,1],"2":[1,2],"3":[1,1]},"_coverageSchema":"1a1c01bbd47fc00a2c39e90264f33305004495a9","hash":"032b9dca04c207d8d4c62e89b5ac27712488f01c"}
}
