TN:
SF:server.js
FN:50,toToonFormat
FN:66,readDirStructure
FN:72,(anonymous_2)
FN:73,(anonymous_3)
FN:89,readFileContent
FN:103,(anonymous_5)
FN:110,(anonymous_6)
FN:112,(anonymous_7)
FN:121,(anonymous_8)
FN:130,(anonymous_9)
FN:145,(anonymous_10)
FN:153,(anonymous_11)
FN:184,(anonymous_12)
FN:192,(anonymous_13)
FN:200,(anonymous_14)
FN:213,(anonymous_15)
FN:222,(anonymous_16)
FN:249,(anonymous_17)
FN:266,(anonymous_18)
FN:275,(anonymous_19)
FN:286,(anonymous_20)
FN:300,(anonymous_21)
FN:341,(anonymous_22)
FN:361,(anonymous_23)
FN:380,(anonymous_24)
FN:397,(anonymous_25)
FN:405,(anonymous_26)
FN:413,(anonymous_27)
FN:420,(anonymous_28)
FN:429,(anonymous_29)
FN:450,(anonymous_30)
FN:470,(anonymous_31)
FN:489,(anonymous_32)
FN:493,(anonymous_33)
FNF:34
FNH:0
FNDA:0,toToonFormat
FNDA:0,readDirStructure
FNDA:0,(anonymous_2)
FNDA:0,(anonymous_3)
FNDA:0,readFileContent
FNDA:0,(anonymous_5)
FNDA:0,(anonymous_6)
FNDA:0,(anonymous_7)
FNDA:0,(anonymous_8)
FNDA:0,(anonymous_9)
FNDA:0,(anonymous_10)
FNDA:0,(anonymous_11)
FNDA:0,(anonymous_12)
FNDA:0,(anonymous_13)
FNDA:0,(anonymous_14)
FNDA:0,(anonymous_15)
FNDA:0,(anonymous_16)
FNDA:0,(anonymous_17)
FNDA:0,(anonymous_18)
FNDA:0,(anonymous_19)
FNDA:0,(anonymous_20)
FNDA:0,(anonymous_21)
FNDA:0,(anonymous_22)
FNDA:0,(anonymous_23)
FNDA:0,(anonymous_24)
FNDA:0,(anonymous_25)
FNDA:0,(anonymous_26)
FNDA:0,(anonymous_27)
FNDA:0,(anonymous_28)
FNDA:0,(anonymous_29)
FNDA:0,(anonymous_30)
FNDA:0,(anonymous_31)
FNDA:0,(anonymous_32)
FNDA:0,(anonymous_33)
DA:7,0
DA:8,0
DA:10,0
DA:11,0
DA:12,0
DA:14,0
DA:18,0
DA:51,0
DA:52,0
DA:54,0
DA:55,0
DA:57,0
DA:58,0
DA:59,0
DA:60,0
DA:62,0
DA:67,0
DA:69,0
DA:70,0
DA:71,0
DA:72,0
DA:74,0
DA:75,0
DA:83,0
DA:84,0
DA:90,0
DA:91,0
DA:92,0
DA:93,0
DA:94,0
DA:95,0
DA:97,0
DA:98,0
DA:103,0
DA:104,0
DA:105,0
DA:106,0
DA:107,0
DA:110,0
DA:112,0
DA:113,0
DA:114,0
DA:116,0
DA:121,0
DA:123,0
DA:125,0
DA:130,0
DA:131,0
DA:132,0
DA:133,0
DA:134,0
DA:144,0
DA:146,0
DA:147,0
DA:148,0
DA:150,0
DA:154,0
DA:155,0
DA:157,0
DA:158,0
DA:160,0
DA:169,0
DA:177,0
DA:179,0
DA:184,0
DA:185,0
DA:186,0
DA:187,0
DA:188,0
DA:191,0
DA:193,0
DA:194,0
DA:195,0
DA:197,0
DA:201,0
DA:202,0
DA:204,0
DA:205,0
DA:206,0
DA:207,0
DA:213,0
DA:215,0
DA:217,0
DA:222,0
DA:223,0
DA:225,0
DA:226,0
DA:227,0
DA:230,0
DA:233,0
DA:242,0
DA:249,0
DA:250,0
DA:251,0
DA:252,0
DA:253,0
DA:254,0
DA:255,0
DA:263,0
DA:266,0
DA:268,0
DA:270,0
DA:275,0
DA:276,0
DA:277,0
DA:283,0
DA:287,0
DA:288,0
DA:289,0
DA:293,0
DA:295,0
DA:300,0
DA:301,0
DA:302,0
DA:303,0
DA:304,0
DA:306,0
DA:307,0
DA:310,0
DA:312,0
DA:313,0
DA:316,0
DA:317,0
DA:318,0
DA:322,0
DA:323,0
DA:324,0
DA:325,0
DA:327,0
DA:336,0
DA:341,0
DA:342,0
DA:343,0
DA:345,0
DA:346,0
DA:349,0
DA:351,0
DA:352,0
DA:356,0
DA:361,0
DA:362,0
DA:363,0
DA:367,0
DA:368,0
DA:369,0
DA:372,0
DA:373,0
DA:375,0
DA:380,0
DA:381,0
DA:382,0
DA:383,0
DA:390,0
DA:392,0
DA:397,0
DA:398,0
DA:399,0
DA:400,0
DA:401,0
DA:404,0
DA:406,0
DA:407,0
DA:408,0
DA:410,0
DA:413,0
DA:420,0
DA:422,0
DA:424,0
DA:429,0
DA:430,0
DA:431,0
DA:432,0
DA:434,0
DA:435,0
DA:438,0
DA:445,0
DA:450,0
DA:451,0
DA:452,0
DA:453,0
DA:454,0
DA:458,0
DA:463,0
DA:465,0
DA:470,0
DA:471,0
DA:472,0
DA:474,0
DA:475,0
DA:478,0
DA:484,0
DA:489,0
DA:490,0
DA:493,0
DA:494,0
DA:495,0
LF:196
LH:0
BRDA:51,0,0,0
BRDA:51,0,1,0
BRDA:54,1,0,0
BRDA:54,1,1,0
BRDA:54,2,0,0
BRDA:54,2,1,0
BRDA:59,3,0,0
BRDA:59,3,1,0
BRDA:60,4,0,0
BRDA:60,4,1,0
BRDA:66,5,0,0
BRDA:66,6,0,0
BRDA:67,7,0,0
BRDA:67,7,1,0
BRDA:72,8,0,0
BRDA:72,8,1,0
BRDA:79,9,0,0
BRDA:79,9,1,0
BRDA:91,10,0,0
BRDA:91,10,1,0
BRDA:92,11,0,0
BRDA:92,11,1,0
BRDA:94,12,0,0
BRDA:94,12,1,0
BRDA:106,13,0,0
BRDA:106,13,1,0
BRDA:133,14,0,0
BRDA:133,14,1,0
BRDA:157,15,0,0
BRDA:157,15,1,0
BRDA:158,16,0,0
BRDA:158,16,1,0
BRDA:187,17,0,0
BRDA:187,17,1,0
BRDA:204,18,0,0
BRDA:204,18,1,0
BRDA:205,19,0,0
BRDA:205,19,1,0
BRDA:226,20,0,0
BRDA:226,20,1,0
BRDA:252,21,0,0
BRDA:252,21,1,0
BRDA:254,22,0,0
BRDA:254,22,1,0
BRDA:288,23,0,0
BRDA:288,23,1,0
BRDA:303,24,0,0
BRDA:303,24,1,0
BRDA:304,25,0,0
BRDA:304,25,1,0
BRDA:306,26,0,0
BRDA:306,26,1,0
BRDA:312,27,0,0
BRDA:312,27,1,0
BRDA:317,28,0,0
BRDA:317,28,1,0
BRDA:345,29,0,0
BRDA:345,29,1,0
BRDA:345,30,0,0
BRDA:345,30,1,0
BRDA:351,31,0,0
BRDA:351,31,1,0
BRDA:362,32,0,0
BRDA:362,32,1,0
BRDA:368,33,0,0
BRDA:368,33,1,0
BRDA:386,34,0,0
BRDA:386,34,1,0
BRDA:399,35,0,0
BRDA:399,35,1,0
BRDA:400,36,0,0
BRDA:400,36,1,0
BRDA:434,37,0,0
BRDA:434,37,1,0
BRDA:442,38,0,0
BRDA:442,38,1,0
BRDA:442,39,0,0
BRDA:442,39,1,0
BRDA:442,40,0,0
BRDA:442,40,1,0
BRDA:453,41,0,0
BRDA:453,41,1,0
BRDA:474,42,0,0
BRDA:474,42,1,0
BRDA:474,43,0,0
BRDA:474,43,1,0
BRF:86
BRH:0
end_of_record
TN:
SF:src/App.jsx
FN:9,App
FN:19,(anonymous_1)
FN:24,(anonymous_2)
FN:28,(anonymous_3)
FN:32,(anonymous_4)
FN:52,(anonymous_5)
FNF:6
FNH:0
FNDA:0,App
FNDA:0,(anonymous_1)
FNDA:0,(anonymous_2)
FNDA:0,(anonymous_3)
FNDA:0,(anonymous_4)
FNDA:0,(anonymous_5)
DA:10,0
DA:16,0
DA:17,0
DA:19,0
DA:20,0
DA:21,0
DA:22,0
DA:23,0
DA:25,0
DA:26,0
DA:29,0
DA:30,0
DA:33,0
DA:34,0
DA:38,0
DA:45,0
DA:46,0
DA:48,0
DA:52,0
DA:53,0
DA:56,0
LF:21
LH:0
BRDA:25,0,0,0
BRDA:25,0,1,0
BRDA:29,1,0,0
BRDA:29,1,1,0
BRDA:33,2,0,0
BRDA:33,2,1,0
BRDA:46,3,0,0
BRDA:46,3,1,0
BRDA:66,4,0,0
BRDA:66,4,1,0
BRDA:79,5,0,0
BRDA:79,5,1,0
BRDA:86,6,0,0
BRDA:86,6,1,0
BRF:14
BRH:0
end_of_record
TN:
SF:src/components/AliasPanel.jsx
FN:6,AliasPanel
FN:32,(anonymous_1)
FNF:2
FNH:0
FNDA:0,AliasPanel
FNDA:0,(anonymous_1)
DA:7,0
DA:8,0
DA:10,0
DA:12,0
DA:33,0
LF:5
LH:0
BRDA:10,0,0,0
BRDA:10,0,1,0
BRDA:17,1,0,0
BRDA:17,1,1,0
BRDA:29,2,0,0
BRDA:29,2,1,0
BRDA:31,3,0,0
BRDA:31,3,1,0
BRDA:38,4,0,0
BRDA:38,4,1,0
BRF:10
BRH:0
end_of_record
TN:
SF:src/components/DocsBrowser.jsx
FN:9,DocsBrowser
FN:16,(anonymous_1)
FN:29,(anonymous_2)
FN:40,(anonymous_3)
FN:57,(anonymous_4)
FN:68,(anonymous_5)
FN:102,(anonymous_6)
FNF:7
FNH:0
FNDA:0,DocsBrowser
FNDA:0,(anonymous_1)
FNDA:0,(anonymous_2)
FNDA:0,(anonymous_3)
FNDA:0,(anonymous_4)
FNDA:0,(anonymous_5)
FNDA:0,(anonymous_6)
DA:10,0
DA:11,0
DA:12,0
DA:13,0
DA:14,0
DA:16,0
DA:17,0
DA:18,0
DA:19,0
DA:20,0
DA:21,0
DA:22,0
DA:24,0
DA:25,0
DA:29,0
DA:30,0
DA:31,0
DA:32,0
DA:34,0
DA:40,0
DA:57,0
DA:69,0
DA:77,0
DA:103,0
DA:104,0
LF:25
LH:0
BRDA:19,0,0,0
BRDA:19,0,1,0
BRDA:29,1,0,0
BRDA:32,2,0,0
BRDA:32,2,1,0
BRDA:32,2,2,0
BRDA:37,3,0,0
BRDA:37,3,1,0
BRDA:39,4,0,0
BRDA:39,4,1,0
BRDA:46,5,0,0
BRDA:46,5,1,0
BRDA:48,6,0,0
BRDA:48,6,1,0
BRDA:54,7,0,0
BRDA:54,7,1,0
BRDA:56,8,0,0
BRDA:56,8,1,0
BRDA:66,9,0,0
BRDA:66,9,1,0
BRDA:66,9,2,0
BRDA:66,9,3,0
BRDA:69,10,0,0
BRDA:69,10,1,0
BRDA:69,10,2,0
BRDA:82,11,0,0
BRDA:82,11,1,0
BRDA:87,12,0,0
BRDA:87,12,1,0
BRDA:89,13,0,0
BRDA:89,13,1,0
BRDA:96,14,0,0
BRDA:96,14,1,0
BRDA:96,14,2,0
BRDA:117,15,0,0
BRDA:117,15,1,0
BRDA:117,15,2,0
BRDA:124,16,0,0
BRDA:124,16,1,0
BRF:39
BRH:0
end_of_record
TN:
SF:src/components/OrgChart.jsx
FN:6,OrgChart
FN:12,(anonymous_1)
FN:21,(anonymous_2)
FN:31,(anonymous_3)
FN:39,(anonymous_4)
FN:64,(anonymous_5)
FN:74,(anonymous_6)
FN:94,(anonymous_7)
FN:105,(anonymous_8)
FNF:9
FNH:0
FNDA:0,OrgChart
FNDA:0,(anonymous_1)
FNDA:0,(anonymous_2)
FNDA:0,(anonymous_3)
FNDA:0,(anonymous_4)
FNDA:0,(anonymous_5)
FNDA:0,(anonymous_6)
FNDA:0,(anonymous_7)
FNDA:0,(anonymous_8)
DA:7,0
DA:8,0
DA:10,0
DA:12,0
DA:13,0
DA:15,0
DA:21,0
DA:31,0
DA:40,0
DA:48,0
DA:64,0
DA:74,0
DA:94,0
DA:105,0
LF:14
LH:0
BRDA:10,0,0,0
BRDA:10,0,1,0
BRDA:18,1,0,0
BRDA:18,1,1,0
BRDA:18,1,2,0
BRDA:20,2,0,0
BRDA:20,2,1,0
BRDA:27,3,0,0
BRDA:27,3,1,0
BRDA:30,4,0,0
BRDA:30,4,1,0
BRDA:37,5,0,0
BRDA:37,5,1,0
BRDA:37,5,2,0
BRDA:37,5,3,0
BRDA:76,6,0,0
BRDA:76,6,1,0
BRDA:85,7,0,0
BRDA:85,7,1,0
BRDA:101,8,0,0
BRDA:101,8,1,0
BRDA:113,9,0,0
BRDA:113,9,1,0
BRDA:114,10,0,0
BRDA:114,10,1,0
BRDA:115,11,0,0
BRDA:115,11,1,0
BRDA:116,12,0,0
BRDA:116,12,1,0
BRF:29
BRH:0
end_of_record
TN:
SF:src/components/RefreshBar.jsx
FN:3,RefreshBar
FN:6,(anonymous_1)
FN:17,(anonymous_2)
FNF:3
FNH:0
FNDA:0,RefreshBar
FNDA:0,(anonymous_1)
FNDA:0,(anonymous_2)
DA:4,0
DA:6,0
DA:7,0
DA:17,0
DA:18,0
DA:19,0
DA:20,0
DA:23,0
LF:8
LH:0
BRDA:35,0,0,0
BRDA:35,0,1,0
BRF:2
BRH:0
end_of_record
TN:
SF:src/components/SkillsPanel.jsx
FN:6,SkillsPanel
FN:32,(anonymous_1)
FNF:2
FNH:0
FNDA:0,SkillsPanel
FNDA:0,(anonymous_1)
DA:7,0
DA:8,0
DA:10,0
DA:12,0
DA:33,0
LF:5
LH:0
BRDA:10,0,0,0
BRDA:10,0,1,0
BRDA:17,1,0,0
BRDA:17,1,1,0
BRDA:29,2,0,0
BRDA:29,2,1,0
BRDA:31,3,0,0
BRDA:31,3,1,0
BRDA:38,4,0,0
BRDA:38,4,1,0
BRF:10
BRH:0
end_of_record
TN:
SF:src/components/UsageTips.jsx
FN:1,UsageTips
FNF:1
FNH:0
FNDA:0,UsageTips
DA:2,0
LF:1
LH:0
BRF:0
BRH:0
end_of_record
TN:
SF:src/components/Shared/ConfirmDialog.jsx
FN:5,(anonymous_0)
FNF:1
FNH:1
FNDA:6,(anonymous_0)
DA:5,1
DA:15,6
LF:2
LH:2
BRDA:9,0,0,5
BRDA:10,1,0,5
BRDA:11,2,0,4
BRDA:27,3,0,1
BRDA:27,3,1,5
BRF:5
BRH:5
end_of_record
TN:
SF:src/components/Shared/ErrorBanner.jsx
FN:4,(anonymous_0)
FNF:1
FNH:1
FNDA:5,(anonymous_0)
DA:4,1
DA:5,5
LF:2
LH:2
BRDA:11,0,0,5
BRDA:11,0,1,2
BRF:2
BRH:2
end_of_record
TN:
SF:src/components/Shared/LoadingState.jsx
FN:4,(anonymous_0)
FNF:1
FNH:1
FNDA:4,(anonymous_0)
DA:4,1
DA:5,4
LF:2
LH:2
BRDA:4,0,0,3
BRDA:8,1,0,4
BRDA:8,1,1,1
BRF:3
BRH:3
end_of_record
TN:
SF:src/components/Shared/Modal.jsx
FN:4,(anonymous_0)
FN:9,(anonymous_1)
FN:13,(anonymous_2)
FN:28,(anonymous_3)
FN:35,(anonymous_4)
FN:42,(anonymous_5)
FNF:6
FNH:6
FNDA:12,(anonymous_0)
FNDA:12,(anonymous_1)
FNDA:4,(anonymous_2)
FNDA:1,(anonymous_3)
FNDA:11,(anonymous_4)
FNDA:3,(anonymous_5)
DA:4,2
DA:5,12
DA:6,12
DA:9,12
DA:10,12
DA:13,11
DA:14,4
DA:15,1
DA:18,1
DA:19,1
DA:25,11
DA:28,11
DA:29,1
DA:30,1
DA:34,11
DA:35,11
DA:36,11
DA:40,12
DA:42,11
DA:44,3
DA:45,1
DA:49,11
LF:22
LH:22
BRDA:10,0,0,1
BRDA:10,0,1,11
BRDA:14,1,0,1
BRDA:14,1,1,3
BRDA:18,2,0,1
BRDA:18,2,1,0
BRDA:29,3,0,1
BRDA:29,3,1,0
BRDA:40,4,0,1
BRDA:40,4,1,11
BRDA:44,5,0,1
BRDA:44,5,1,2
BRDA:57,6,0,11
BRDA:57,6,1,11
BRF:14
BRH:12
end_of_record
TN:
SF:src/components/Shared/SearchInput.jsx
FN:4,(anonymous_0)
FN:15,(anonymous_1)
FN:19,(anonymous_2)
FN:29,(anonymous_3)
FN:36,(anonymous_4)
FNF:5
FNH:5
FNDA:15,(anonymous_0)
FNDA:6,(anonymous_1)
FNDA:4,(anonymous_2)
FNDA:1,(anonymous_3)
FNDA:1,(anonymous_4)
DA:4,1
DA:11,15
DA:12,15
DA:15,15
DA:16,6
DA:19,15
DA:20,4
DA:21,4
DA:24,4
DA:25,3
DA:29,4
DA:30,1
DA:33,4
DA:36,15
DA:37,1
DA:38,1
DA:41,15
LF:17
LH:17
BRDA:5,0,0,0
BRDA:7,1,0,0
BRDA:8,2,0,13
BRDA:9,3,0,9
BRDA:24,4,0,3
BRDA:24,4,1,1
BRDA:53,5,0,15
BRDA:53,5,1,7
BRDA:53,5,2,7
BRDA:63,6,0,15
BRDA:63,6,1,1
BRF:11
BRH:9
end_of_record
TN:
SF:src/hooks/useExpandedNodes.js
FN:10,(anonymous_0)
FN:13,(anonymous_1)
FN:14,(anonymous_2)
FN:25,(anonymous_3)
FN:29,(anonymous_4)
FN:33,(anonymous_5)
FNF:6
FNH:6
FNDA:9,(anonymous_0)
FNDA:2,(anonymous_1)
FNDA:2,(anonymous_2)
FNDA:1,(anonymous_3)
FNDA:1,(anonymous_4)
FNDA:14,(anonymous_5)
DA:10,1
DA:11,9
DA:13,9
DA:14,2
DA:15,2
DA:16,2
DA:17,1
DA:19,1
DA:21,2
DA:25,9
DA:26,1
DA:29,9
DA:30,1
DA:33,9
DA:34,14
DA:37,9
LF:16
LH:16
BRDA:10,0,0,0
BRDA:16,1,0,1
BRDA:16,1,1,1
BRF:3
BRH:2
end_of_record
TN:
SF:src/hooks/useFetchData.js
FN:11,(anonymous_0)
FN:16,(anonymous_1)
FN:38,(anonymous_2)
FNF:3
FNH:3
FNDA:14,(anonymous_0)
FNDA:8,(anonymous_1)
FNDA:7,(anonymous_2)
DA:11,1
DA:12,14
DA:13,14
DA:14,14
DA:16,14
DA:17,8
DA:18,8
DA:20,8
DA:21,8
DA:23,8
DA:24,1
DA:27,7
DA:28,7
DA:29,7
DA:31,1
DA:32,1
DA:34,8
DA:38,14
DA:39,7
DA:42,14
LF:20
LH:20
BRDA:23,0,0,1
BRDA:23,0,1,7
BRF:2
BRH:2
end_of_record
TN:
SF:src/hooks/useLocalStorage.js
FN:11,(anonymous_0)
FN:12,(anonymous_1)
FN:22,(anonymous_2)
FNF:3
FNH:3
FNDA:7,(anonymous_0)
FNDA:4,(anonymous_1)
FNDA:3,(anonymous_2)
DA:11,1
DA:12,7
DA:13,4
DA:14,4
DA:15,4
DA:17,0
DA:18,0
DA:22,7
DA:23,3
DA:24,3
DA:25,3
DA:26,3
DA:28,0
DA:32,7
LF:14
LH:11
BRDA:15,0,0,1
BRDA:15,0,1,3
BRDA:24,1,0,0
BRDA:24,1,1,3
BRF:4
BRH:3
end_of_record
TN:
SF:src/utils/constants.js
FN:37,(anonymous_0)
FNF:1
FNH:0
FNDA:0,(anonymous_0)
DA:2,1
DA:9,1
DA:18,1
DA:21,1
DA:27,1
DA:34,1
DA:37,1
DA:39,0
DA:40,0
DA:41,0
DA:42,0
DA:43,0
LF:12
LH:7
BRDA:39,0,0,0
BRDA:39,0,1,0
BRDA:40,1,0,0
BRDA:40,1,1,0
BRDA:40,2,0,0
BRDA:40,2,1,0
BRDA:40,3,0,0
BRDA:40,3,1,0
BRDA:41,4,0,0
BRDA:41,4,1,0
BRDA:42,5,0,0
BRDA:42,5,1,0
BRF:12
BRH:0
end_of_record
TN:
SF:src/utils/filterHelpers.js
FN:1,debounce
FN:3,debounced
FN:5,(anonymous_2)
FN:9,fuzzySearch
FN:11,(anonymous_4)
FN:12,(anonymous_5)
FN:19,filterByCategory
FN:20,(anonymous_7)
FNF:8
FNH:8
FNDA:3,debounce
FNDA:5,debounced
FNDA:3,(anonymous_2)
FNDA:4,fuzzySearch
FNDA:12,(anonymous_4)
FNDA:15,(anonymous_5)
FNDA:2,filterByCategory
FNDA:6,(anonymous_7)
DA:3,3
DA:4,5
DA:5,5
DA:10,4
DA:11,4
DA:12,12
DA:13,15
DA:14,15
DA:20,6
LF:9
LH:9
BRDA:13,0,0,15
BRDA:13,0,1,0
BRF:2
BRH:1
end_of_record
TN:
SF:src/utils/responseNormalizer.js
FN:23,(anonymous_0)
FN:25,(anonymous_1)
FN:35,(anonymous_2)
FN:41,(anonymous_3)
FN:51,(anonymous_4)
FNF:5
FNH:2
FNDA:7,(anonymous_0)
FNDA:0,(anonymous_1)
FNDA:7,(anonymous_2)
FNDA:0,(anonymous_3)
FNDA:0,(anonymous_4)
DA:5,1
DA:23,1
DA:24,7
DA:25,0
DA:27,7
DA:35,1
DA:36,7
DA:37,0
DA:40,7
DA:41,0
DA:44,7
DA:46,7
DA:47,10
DA:50,10
DA:51,1
DA:52,9
DA:53,0
DA:55,9
DA:59,7
LF:19
LH:15
BRDA:24,0,0,0
BRDA:24,0,1,7
BRDA:36,1,0,0
BRDA:36,1,1,7
BRDA:36,2,0,7
BRDA:36,2,1,7
BRDA:40,3,0,0
BRDA:40,3,1,7
BRDA:47,4,0,10
BRDA:47,4,1,7
BRDA:50,5,0,1
BRDA:50,5,1,9
BRDA:52,6,0,0
BRDA:52,6,1,9
BRDA:52,7,0,9
BRDA:52,7,1,9
BRF:16
BRH:12
end_of_record
TN:
SF:src/utils/tokenCalculator.js
FN:3,calculateTokenCost
FN:9,formatTokenCount
FN:13,calculateTrend
FNF:3
FNH:3
FNDA:5,calculateTokenCost
FNDA:3,formatTokenCount
FNDA:3,calculateTrend
DA:4,5
DA:5,5
DA:6,5
DA:10,3
DA:14,3
DA:15,2
DA:16,1
LF:7
LH:7
BRDA:4,0,0,2
BRDA:4,0,1,3
BRDA:5,1,0,5
BRDA:5,1,1,1
BRDA:14,2,0,1
BRDA:14,2,1,2
BRDA:15,3,0,1
BRDA:15,3,1,1
BRF:8
BRH:8
end_of_record
